\BOOKMARK [0][-]{chapter.1}{\376\377\0001\000\040\000T\000h\000e\000\040\000M\000I\000T\000\040\000L\000i\000c\000e\000n\000s\000e\000\040\000\050\000M\000I\000T\000\051}{}% 1
\BOOKMARK [0][-]{chapter.2}{\376\377\0002\000\040\000N\000a\000m\000e\000s\000p\000a\000c\000e\000\040\000I\000n\000d\000e\000x}{}% 2
\BOOKMARK [1][-]{section.2.1}{\376\377\0002\000.\0001\000\040\000N\000a\000m\000e\000s\000p\000a\000c\000e\000\040\000L\000i\000s\000t}{chapter.2}% 3
\BOOKMARK [0][-]{chapter.3}{\376\377\0003\000\040\000H\000i\000e\000r\000a\000r\000c\000h\000i\000c\000a\000l\000\040\000I\000n\000d\000e\000x}{}% 4
\BOOKMARK [1][-]{section.3.1}{\376\377\0003\000.\0001\000\040\000C\000l\000a\000s\000s\000\040\000H\000i\000e\000r\000a\000r\000c\000h\000y}{chapter.3}% 5
\BOOKMARK [0][-]{chapter.4}{\376\377\0004\000\040\000C\000l\000a\000s\000s\000\040\000I\000n\000d\000e\000x}{}% 6
\BOOKMARK [1][-]{section.4.1}{\376\377\0004\000.\0001\000\040\000C\000l\000a\000s\000s\000\040\000L\000i\000s\000t}{chapter.4}% 7
\BOOKMARK [0][-]{chapter.5}{\376\377\0005\000\040\000F\000i\000l\000e\000\040\000I\000n\000d\000e\000x}{}% 8
\BOOKMARK [1][-]{section.5.1}{\376\377\0005\000.\0001\000\040\000F\000i\000l\000e\000\040\000L\000i\000s\000t}{chapter.5}% 9
\BOOKMARK [0][-]{chapter.6}{\376\377\0006\000\040\000N\000a\000m\000e\000s\000p\000a\000c\000e\000\040\000D\000o\000c\000u\000m\000e\000n\000t\000a\000t\000i\000o\000n}{}% 10
\BOOKMARK [1][-]{section.6.1}{\376\377\0006\000.\0001\000\040\000A\000r\000e\000a\000\040\000N\000a\000m\000e\000s\000p\000a\000c\000e\000\040\000R\000e\000f\000e\000r\000e\000n\000c\000e}{chapter.6}% 11
\BOOKMARK [1][-]{section.6.2}{\376\377\0006\000.\0002\000\040\000A\000r\000e\000a\000.\000C\000o\000n\000t\000r\000o\000l\000l\000e\000r\000s\000\040\000N\000a\000m\000e\000s\000p\000a\000c\000e\000\040\000R\000e\000f\000e\000r\000e\000n\000c\000e}{chapter.6}% 12
\BOOKMARK [1][-]{section.6.3}{\376\377\0006\000.\0003\000\040\000A\000r\000e\000a\000.\000D\000A\000T\000\040\000N\000a\000m\000e\000s\000p\000a\000c\000e\000\040\000R\000e\000f\000e\000r\000e\000n\000c\000e}{chapter.6}% 13
\BOOKMARK [1][-]{section.6.4}{\376\377\0006\000.\0004\000\040\000A\000r\000e\000a\000.\000M\000o\000d\000e\000l\000s\000\040\000N\000a\000m\000e\000s\000p\000a\000c\000e\000\040\000R\000e\000f\000e\000r\000e\000n\000c\000e}{chapter.6}% 14
\BOOKMARK [0][-]{chapter.7}{\376\377\0007\000\040\000C\000l\000a\000s\000s\000\040\000D\000o\000c\000u\000m\000e\000n\000t\000a\000t\000i\000o\000n}{}% 15
\BOOKMARK [1][-]{section.7.1}{\376\377\0007\000.\0001\000\040\000A\000r\000e\000a\000.\000M\000o\000d\000e\000l\000s\000.\000A\000R\000E\000A\000\040\000C\000l\000a\000s\000s\000\040\000R\000e\000f\000e\000r\000e\000n\000c\000e}{chapter.7}% 16
\BOOKMARK [2][-]{subsection.7.1.1}{\376\377\0007\000.\0001\000.\0001\000\040\000P\000r\000o\000p\000e\000r\000t\000y\000\040\000D\000o\000c\000u\000m\000e\000n\000t\000a\000t\000i\000o\000n}{section.7.1}% 17
\BOOKMARK [3][-]{subsubsection.7.1.1.1}{\376\377\0007\000.\0001\000.\0001\000.\0001\000\040\000i\000d}{subsection.7.1.1}% 18
\BOOKMARK [3][-]{subsubsection.7.1.1.2}{\376\377\0007\000.\0001\000.\0001\000.\0002\000\040\000i\000n\000d\000e\000x\000\137\000a\000c\000t\000i\000o\000n}{subsection.7.1.1}% 19
\BOOKMARK [3][-]{subsubsection.7.1.1.3}{\376\377\0007\000.\0001\000.\0001\000.\0003\000\040\000i\000n\000d\000e\000x\000\137\000r\000e\000a\000c\000t\000i\000o\000n}{subsection.7.1.1}% 20
\BOOKMARK [3][-]{subsubsection.7.1.1.4}{\376\377\0007\000.\0001\000.\0001\000.\0004\000\040\000l\000a\000s\000t\000\137\000e\000v\000e\000n\000t}{subsection.7.1.1}% 21
\BOOKMARK [3][-]{subsubsection.7.1.1.5}{\376\377\0007\000.\0001\000.\0001\000.\0005\000\040\000t\000y\000p\000e}{subsection.7.1.1}% 22
\BOOKMARK [3][-]{subsubsection.7.1.1.6}{\376\377\0007\000.\0001\000.\0001\000.\0006\000\040\000u\000s\000e\000r\000n\000a\000m\000e}{subsection.7.1.1}% 23
\BOOKMARK [1][-]{section.7.2}{\376\377\0007\000.\0002\000\040\000A\000r\000e\000a\000.\000D\000A\000T\000.\000A\000r\000e\000a\000D\000b\000C\000o\000n\000t\000e\000x\000t\000\040\000C\000l\000a\000s\000s\000\040\000R\000e\000f\000e\000r\000e\000n\000c\000e}{chapter.7}% 24
\BOOKMARK [2][-]{subsection.7.2.1}{\376\377\0007\000.\0002\000.\0001\000\040\000C\000o\000n\000s\000t\000r\000u\000c\000t\000o\000r\000\040\000\046\000\040\000D\000e\000s\000t\000r\000u\000c\000t\000o\000r\000\040\000D\000o\000c\000u\000m\000e\000n\000t\000a\000t\000i\000o\000n}{section.7.2}% 25
\BOOKMARK [3][-]{subsubsection.7.2.1.1}{\376\377\0007\000.\0002\000.\0001\000.\0001\000\040\000A\000r\000e\000a\000D\000b\000C\000o\000n\000t\000e\000x\000t\000\050\000\051}{subsection.7.2.1}% 26
\BOOKMARK [2][-]{subsection.7.2.2}{\376\377\0007\000.\0002\000.\0002\000\040\000P\000r\000o\000p\000e\000r\000t\000y\000\040\000D\000o\000c\000u\000m\000e\000n\000t\000a\000t\000i\000o\000n}{section.7.2}% 27
\BOOKMARK [3][-]{subsubsection.7.2.2.1}{\376\377\0007\000.\0002\000.\0002\000.\0001\000\040\000a\000r\000e\000a\000s}{subsection.7.2.2}% 28
\BOOKMARK [3][-]{subsubsection.7.2.2.2}{\376\377\0007\000.\0002\000.\0002\000.\0002\000\040\000a\000r\000e\000a\000t\000y\000p\000e\000s}{subsection.7.2.2}% 29
\BOOKMARK [3][-]{subsubsection.7.2.2.3}{\376\377\0007\000.\0002\000.\0002\000.\0003\000\040\000t\000o\000k\000e\000n\000s}{subsection.7.2.2}% 30
\BOOKMARK [3][-]{subsubsection.7.2.2.4}{\376\377\0007\000.\0002\000.\0002\000.\0004\000\040\000u\000s\000e\000r\000\137\000r\000o\000l\000e\000s}{subsection.7.2.2}% 31
\BOOKMARK [3][-]{subsubsection.7.2.2.5}{\376\377\0007\000.\0002\000.\0002\000.\0005\000\040\000u\000s\000e\000r\000s}{subsection.7.2.2}% 32
\BOOKMARK [3][-]{subsubsection.7.2.2.6}{\376\377\0007\000.\0002\000.\0002\000.\0006\000\040\000w\000o\000w\000c\000h\000a\000r\000a\000c\000t\000e\000r\000m\000o\000d\000e\000l\000s}{subsection.7.2.2}% 33
\BOOKMARK [1][-]{section.7.3}{\376\377\0007\000.\0003\000\040\000A\000r\000e\000a\000.\000D\000A\000T\000.\000A\000r\000e\000a\000D\000b\000T\000h\000r\000e\000a\000d\000C\000o\000n\000t\000e\000x\000t\000\040\000C\000l\000a\000s\000s\000\040\000R\000e\000f\000e\000r\000e\000n\000c\000e}{chapter.7}% 34
\BOOKMARK [2][-]{subsection.7.3.1}{\376\377\0007\000.\0003\000.\0001\000\040\000C\000o\000n\000s\000t\000r\000u\000c\000t\000o\000r\000\040\000\046\000\040\000D\000e\000s\000t\000r\000u\000c\000t\000o\000r\000\040\000D\000o\000c\000u\000m\000e\000n\000t\000a\000t\000i\000o\000n}{section.7.3}% 35
\BOOKMARK [3][-]{subsubsection.7.3.1.1}{\376\377\0007\000.\0003\000.\0001\000.\0001\000\040\000A\000r\000e\000a\000D\000b\000T\000h\000r\000e\000a\000d\000C\000o\000n\000t\000e\000x\000t\000\050\000\051}{subsection.7.3.1}% 36
\BOOKMARK [2][-]{subsection.7.3.2}{\376\377\0007\000.\0003\000.\0002\000\040\000P\000r\000o\000p\000e\000r\000t\000y\000\040\000D\000o\000c\000u\000m\000e\000n\000t\000a\000t\000i\000o\000n}{section.7.3}% 37
\BOOKMARK [3][-]{subsubsection.7.3.2.1}{\376\377\0007\000.\0003\000.\0002\000.\0001\000\040\000a\000r\000e\000a\000s}{subsection.7.3.2}% 38
\BOOKMARK [3][-]{subsubsection.7.3.2.2}{\376\377\0007\000.\0003\000.\0002\000.\0002\000\040\000a\000r\000e\000a\000t\000y\000p\000e\000s}{subsection.7.3.2}% 39
\BOOKMARK [3][-]{subsubsection.7.3.2.3}{\376\377\0007\000.\0003\000.\0002\000.\0003\000\040\000t\000o\000k\000e\000n\000s}{subsection.7.3.2}% 40
\BOOKMARK [3][-]{subsubsection.7.3.2.4}{\376\377\0007\000.\0003\000.\0002\000.\0004\000\040\000u\000s\000e\000r\000\137\000r\000o\000l\000e\000s}{subsection.7.3.2}% 41
\BOOKMARK [3][-]{subsubsection.7.3.2.5}{\376\377\0007\000.\0003\000.\0002\000.\0005\000\040\000u\000s\000e\000r\000s}{subsection.7.3.2}% 42
\BOOKMARK [3][-]{subsubsection.7.3.2.6}{\376\377\0007\000.\0003\000.\0002\000.\0006\000\040\000w\000o\000w\000c\000h\000a\000r\000a\000c\000t\000e\000r\000m\000o\000d\000e\000l\000s}{subsection.7.3.2}% 43
\BOOKMARK [1][-]{section.7.4}{\376\377\0007\000.\0004\000\040\000A\000r\000e\000a\000.\000M\000o\000d\000e\000l\000s\000.\000A\000r\000e\000a\000F\000a\000c\000t\000o\000r\000y\000\040\000C\000l\000a\000s\000s\000\040\000R\000e\000f\000e\000r\000e\000n\000c\000e}{chapter.7}% 44
\BOOKMARK [2][-]{subsection.7.4.1}{\376\377\0007\000.\0004\000.\0001\000\040\000M\000e\000m\000b\000e\000r\000\040\000F\000u\000n\000c\000t\000i\000o\000n\000\040\000D\000o\000c\000u\000m\000e\000n\000t\000a\000t\000i\000o\000n}{section.7.4}% 45
\BOOKMARK [3][-]{subsubsection.7.4.1.1}{\376\377\0007\000.\0004\000.\0001\000.\0001\000\040\000c\000r\000e\000a\000t\000e\000\050\000\051}{subsection.7.4.1}% 46
\BOOKMARK [1][-]{section.7.5}{\376\377\0007\000.\0005\000\040\000A\000r\000e\000a\000.\000M\000o\000d\000e\000l\000s\000.\000A\000r\000e\000a\000T\000y\000p\000e\000\040\000C\000l\000a\000s\000s\000\040\000R\000e\000f\000e\000r\000e\000n\000c\000e}{chapter.7}% 47
\BOOKMARK [2][-]{subsection.7.5.1}{\376\377\0007\000.\0005\000.\0001\000\040\000M\000e\000m\000b\000e\000r\000\040\000F\000u\000n\000c\000t\000i\000o\000n\000\040\000D\000o\000c\000u\000m\000e\000n\000t\000a\000t\000i\000o\000n}{section.7.5}% 48
\BOOKMARK [3][-]{subsubsection.7.5.1.1}{\376\377\0007\000.\0005\000.\0001\000.\0001\000\040\000f\000i\000n\000d\000A\000r\000e\000a\000T\000y\000p\000e\000B\000y\000I\000d\000\050\000\051}{subsection.7.5.1}% 49
\BOOKMARK [2][-]{subsection.7.5.2}{\376\377\0007\000.\0005\000.\0002\000\040\000P\000r\000o\000p\000e\000r\000t\000y\000\040\000D\000o\000c\000u\000m\000e\000n\000t\000a\000t\000i\000o\000n}{section.7.5}% 50
\BOOKMARK [3][-]{subsubsection.7.5.2.1}{\376\377\0007\000.\0005\000.\0002\000.\0001\000\040\000c\000r\000e\000a\000t\000e\000\137\000u\000r\000l}{subsection.7.5.2}% 51
\BOOKMARK [3][-]{subsubsection.7.5.2.2}{\376\377\0007\000.\0005\000.\0002\000.\0002\000\040\000d\000e\000l\000e\000t\000e\000\137\000u\000r\000l}{subsection.7.5.2}% 52
\BOOKMARK [3][-]{subsubsection.7.5.2.3}{\376\377\0007\000.\0005\000.\0002\000.\0003\000\040\000d\000e\000s\000c\000r\000i\000p\000t\000i\000o\000n}{subsection.7.5.2}% 53
\BOOKMARK [3][-]{subsubsection.7.5.2.4}{\376\377\0007\000.\0005\000.\0002\000.\0004\000\040\000i\000d}{subsection.7.5.2}% 54
\BOOKMARK [3][-]{subsubsection.7.5.2.5}{\376\377\0007\000.\0005\000.\0002\000.\0005\000\040\000i\000m\000g\000\137\000u\000r\000l}{subsection.7.5.2}% 55
\BOOKMARK [3][-]{subsubsection.7.5.2.6}{\376\377\0007\000.\0005\000.\0002\000.\0006\000\040\000n\000a\000m\000e}{subsection.7.5.2}% 56
\BOOKMARK [1][-]{section.7.6}{\376\377\0007\000.\0006\000\040\000A\000r\000e\000a\000.\000C\000o\000n\000t\000r\000o\000l\000l\000e\000r\000s\000.\000C\000l\000i\000e\000n\000t\000G\000m\000a\000i\000l\000\040\000C\000l\000a\000s\000s\000\040\000R\000e\000f\000e\000r\000e\000n\000c\000e}{chapter.7}% 57
\BOOKMARK [2][-]{subsection.7.6.1}{\376\377\0007\000.\0006\000.\0001\000\040\000M\000e\000m\000b\000e\000r\000\040\000F\000u\000n\000c\000t\000i\000o\000n\000\040\000D\000o\000c\000u\000m\000e\000n\000t\000a\000t\000i\000o\000n}{section.7.6}% 58
\BOOKMARK [3][-]{subsubsection.7.6.1.1}{\376\377\0007\000.\0006\000.\0001\000.\0001\000\040\000S\000e\000n\000d\000M\000a\000i\000l\000\050\000\051}{subsection.7.6.1}% 59
\BOOKMARK [1][-]{section.7.7}{\376\377\0007\000.\0007\000\040\000A\000r\000e\000a\000.\000C\000o\000n\000t\000r\000o\000l\000l\000e\000r\000s\000.\000C\000o\000n\000n\000e\000c\000t\000i\000o\000n\000C\000o\000n\000t\000r\000o\000l\000l\000e\000r\000\040\000C\000l\000a\000s\000s\000\040\000R\000e\000f\000e\000r\000e\000n\000c\000e}{chapter.7}% 60
\BOOKMARK [2][-]{subsection.7.7.1}{\376\377\0007\000.\0007\000.\0001\000\040\000M\000e\000m\000b\000e\000r\000\040\000F\000u\000n\000c\000t\000i\000o\000n\000\040\000D\000o\000c\000u\000m\000e\000n\000t\000a\000t\000i\000o\000n}{section.7.7}% 61
\BOOKMARK [3][-]{subsubsection.7.7.1.1}{\376\377\0007\000.\0007\000.\0001\000.\0001\000\040\000C\000o\000n\000n\000e\000c\000t\000i\000o\000n\000\050\000\051}{subsection.7.7.1}% 62
\BOOKMARK [1][-]{section.7.8}{\376\377\0007\000.\0008\000\040\000A\000r\000e\000a\000.\000M\000o\000d\000e\000l\000s\000.\000E\000r\000r\000o\000r\000L\000o\000g\000\040\000C\000l\000a\000s\000s\000\040\000R\000e\000f\000e\000r\000e\000n\000c\000e}{chapter.7}% 63
\BOOKMARK [2][-]{subsection.7.8.1}{\376\377\0007\000.\0008\000.\0001\000\040\000P\000r\000o\000p\000e\000r\000t\000y\000\040\000D\000o\000c\000u\000m\000e\000n\000t\000a\000t\000i\000o\000n}{section.7.8}% 64
\BOOKMARK [3][-]{subsubsection.7.8.1.1}{\376\377\0007\000.\0008\000.\0001\000.\0001\000\040\000e\000n\000a\000b\000l}{subsection.7.8.1}% 65
\BOOKMARK [3][-]{subsubsection.7.8.1.2}{\376\377\0007\000.\0008\000.\0001\000.\0002\000\040\000m\000e\000s\000s\000a\000g\000e}{subsection.7.8.1}% 66
\BOOKMARK [1][-]{section.7.9}{\376\377\0007\000.\0009\000\040\000A\000r\000e\000a\000.\000M\000o\000d\000e\000l\000s\000.\000E\000r\000r\000o\000r\000V\000i\000e\000w\000M\000o\000d\000e\000l\000\040\000C\000l\000a\000s\000s\000\040\000R\000e\000f\000e\000r\000e\000n\000c\000e}{chapter.7}% 67
\BOOKMARK [2][-]{subsection.7.9.1}{\376\377\0007\000.\0009\000.\0001\000\040\000M\000e\000m\000b\000e\000r\000\040\000D\000a\000t\000a\000\040\000D\000o\000c\000u\000m\000e\000n\000t\000a\000t\000i\000o\000n}{section.7.9}% 68
\BOOKMARK [3][-]{subsubsection.7.9.1.1}{\376\377\0007\000.\0009\000.\0001\000.\0001\000\040\000S\000h\000o\000w\000R\000e\000q\000u\000e\000s\000t\000I\000d}{subsection.7.9.1}% 69
\BOOKMARK [2][-]{subsection.7.9.2}{\376\377\0007\000.\0009\000.\0002\000\040\000P\000r\000o\000p\000e\000r\000t\000y\000\040\000D\000o\000c\000u\000m\000e\000n\000t\000a\000t\000i\000o\000n}{section.7.9}% 70
\BOOKMARK [3][-]{subsubsection.7.9.2.1}{\376\377\0007\000.\0009\000.\0002\000.\0001\000\040\000R\000e\000q\000u\000e\000s\000t\000I\000d}{subsection.7.9.2}% 71
\BOOKMARK [1][-]{section.7.10}{\376\377\0007\000.\0001\0000\000\040\000A\000r\000e\000a\000.\000C\000o\000n\000t\000r\000o\000l\000l\000e\000r\000s\000.\000F\000a\000c\000e\000b\000o\000o\000k\000C\000o\000n\000t\000r\000o\000l\000l\000e\000r\000\040\000C\000l\000a\000s\000s\000\040\000R\000e\000f\000e\000r\000e\000n\000c\000e}{chapter.7}% 72
\BOOKMARK [2][-]{subsection.7.10.1}{\376\377\0007\000.\0001\0000\000.\0001\000\040\000M\000e\000m\000b\000e\000r\000\040\000F\000u\000n\000c\000t\000i\000o\000n\000\040\000D\000o\000c\000u\000m\000e\000n\000t\000a\000t\000i\000o\000n}{section.7.10}% 73
\BOOKMARK [3][-]{subsubsection.7.10.1.1}{\376\377\0007\000.\0001\0000\000.\0001\000.\0001\000\040\000F\000a\000c\000e\000b\000o\000o\000k\000A\000u\000t\000h\000o\000r\000i\000z\000e\000d\000\050\000\051}{subsection.7.10.1}% 74
\BOOKMARK [3][-]{subsubsection.7.10.1.2}{\376\377\0007\000.\0001\0000\000.\0001\000.\0002\000\040\000F\000a\000c\000e\000b\000o\000o\000k\000C\000o\000n\000n\000e\000c\000t\000i\000o\000n\000\050\000\051}{subsection.7.10.1}% 75
\BOOKMARK [1][-]{section.7.11}{\376\377\0007\000.\0001\0001\000\040\000A\000r\000e\000a\000.\000M\000o\000d\000e\000l\000s\000.\000F\000a\000c\000e\000b\000o\000o\000k\000M\000o\000d\000u\000l\000e\000\040\000C\000l\000a\000s\000s\000\040\000R\000e\000f\000e\000r\000e\000n\000c\000e}{chapter.7}% 76
\BOOKMARK [2][-]{subsection.7.11.1}{\376\377\0007\000.\0001\0001\000.\0001\000\040\000C\000o\000n\000s\000t\000r\000u\000c\000t\000o\000r\000\040\000\046\000\040\000D\000e\000s\000t\000r\000u\000c\000t\000o\000r\000\040\000D\000o\000c\000u\000m\000e\000n\000t\000a\000t\000i\000o\000n}{section.7.11}% 77
\BOOKMARK [3][-]{subsubsection.7.11.1.1}{\376\377\0007\000.\0001\0001\000.\0001\000.\0001\000\040\000F\000a\000c\000e\000b\000o\000o\000k\000M\000o\000d\000u\000l\000e\000\050\000\051}{subsection.7.11.1}% 78
\BOOKMARK [2][-]{subsection.7.11.2}{\376\377\0007\000.\0001\0001\000.\0002\000\040\000M\000e\000m\000b\000e\000r\000\040\000F\000u\000n\000c\000t\000i\000o\000n\000\040\000D\000o\000c\000u\000m\000e\000n\000t\000a\000t\000i\000o\000n}{section.7.11}% 79
\BOOKMARK [3][-]{subsubsection.7.11.2.1}{\376\377\0007\000.\0001\0001\000.\0002\000.\0001\000\040\000g\000e\000t\000A\000c\000c\000e\000s\000s\000T\000o\000k\000e\000n\000\050\000\051}{subsection.7.11.2}% 80
\BOOKMARK [3][-]{subsubsection.7.11.2.2}{\376\377\0007\000.\0001\0001\000.\0002\000.\0002\000\040\000g\000e\000t\000A\000c\000t\000i\000o\000n\000\050\000\051}{subsection.7.11.2}% 81
\BOOKMARK [3][-]{subsubsection.7.11.2.3}{\376\377\0007\000.\0001\0001\000.\0002\000.\0003\000\040\000G\000e\000t\000A\000g\000e\000R\000a\000n\000g\000e\000\050\000\051}{subsection.7.11.2}% 82
\BOOKMARK [3][-]{subsubsection.7.11.2.4}{\376\377\0007\000.\0001\0001\000.\0002\000.\0004\000\040\000G\000e\000t\000C\000o\000v\000e\000r\000\050\000\051}{subsection.7.11.2}% 83
\BOOKMARK [3][-]{subsubsection.7.11.2.5}{\376\377\0007\000.\0001\0001\000.\0002\000.\0005\000\040\000G\000e\000t\000E\000m\000a\000i\000l\000\050\000\051}{subsection.7.11.2}% 84
\BOOKMARK [3][-]{subsubsection.7.11.2.6}{\376\377\0007\000.\0001\0001\000.\0002\000.\0006\000\040\000G\000e\000t\000F\000i\000r\000s\000t\000N\000a\000m\000e\000\050\000\051}{subsection.7.11.2}% 85
\BOOKMARK [3][-]{subsubsection.7.11.2.7}{\376\377\0007\000.\0001\0001\000.\0002\000.\0007\000\040\000G\000e\000t\000F\000u\000l\000l\000N\000a\000m\000e\000\050\000\051}{subsection.7.11.2}% 86
\BOOKMARK [3][-]{subsubsection.7.11.2.8}{\376\377\0007\000.\0001\0001\000.\0002\000.\0008\000\040\000G\000e\000t\000G\000e\000n\000d\000e\000r\000\050\000\051}{subsection.7.11.2}% 87
\BOOKMARK [3][-]{subsubsection.7.11.2.9}{\376\377\0007\000.\0001\0001\000.\0002\000.\0009\000\040\000G\000e\000t\000L\000a\000s\000t\000N\000a\000m\000e\000\050\000\051}{subsection.7.11.2}% 88
\BOOKMARK [3][-]{subsubsection.7.11.2.10}{\376\377\0007\000.\0001\0001\000.\0002\000.\0001\0000\000\040\000G\000e\000t\000L\000o\000c\000a\000l\000e\000\050\000\051}{subsection.7.11.2}% 89
\BOOKMARK [3][-]{subsubsection.7.11.2.11}{\376\377\0007\000.\0001\0001\000.\0002\000.\0001\0001\000\040\000G\000e\000t\000P\000i\000c\000t\000u\000r\000e\000\050\000\051}{subsection.7.11.2}% 90
\BOOKMARK [3][-]{subsubsection.7.11.2.12}{\376\377\0007\000.\0001\0001\000.\0002\000.\0001\0002\000\040\000G\000e\000t\000U\000s\000e\000r\000L\000a\000s\000t\000P\000o\000s\000t\000s\000\050\000\051}{subsection.7.11.2}% 91
\BOOKMARK [3][-]{subsubsection.7.11.2.13}{\376\377\0007\000.\0001\0001\000.\0002\000.\0001\0003\000\040\000G\000e\000t\000U\000s\000e\000r\000L\000a\000s\000t\000P\000o\000s\000t\000s\000E\000p\000u\000r\000e\000d\000\050\000\051}{subsection.7.11.2}% 92
\BOOKMARK [3][-]{subsubsection.7.11.2.14}{\376\377\0007\000.\0001\0001\000.\0002\000.\0001\0004\000\040\000P\000o\000s\000t\000O\000n\000F\000a\000c\000e\000b\000o\000o\000k\000\050\000\051}{subsection.7.11.2}% 93
\BOOKMARK [3][-]{subsubsection.7.11.2.15}{\376\377\0007\000.\0001\0001\000.\0002\000.\0001\0005\000\040\000p\000o\000s\000t\000R\000e\000a\000c\000t\000i\000o\000n\000\050\000\051}{subsection.7.11.2}% 94
\BOOKMARK [3][-]{subsubsection.7.11.2.16}{\376\377\0007\000.\0001\0001\000.\0002\000.\0001\0006\000\040\000s\000e\000t\000I\000n\000d\000e\000x\000\050\000\051}{subsection.7.11.2}% 95
\BOOKMARK [2][-]{subsection.7.11.3}{\376\377\0007\000.\0001\0001\000.\0003\000\040\000M\000e\000m\000b\000e\000r\000\040\000D\000a\000t\000a\000\040\000D\000o\000c\000u\000m\000e\000n\000t\000a\000t\000i\000o\000n}{section.7.11}% 96
\BOOKMARK [3][-]{subsubsection.7.11.3.1}{\376\377\0007\000.\0001\0001\000.\0003\000.\0001\000\040\000\137\000f\000b}{subsection.7.11.3}% 97
\BOOKMARK [3][-]{subsubsection.7.11.3.2}{\376\377\0007\000.\0001\0001\000.\0003\000.\0002\000\040\000\137\000i\000n\000d\000e\000x}{subsection.7.11.3}% 98
\BOOKMARK [3][-]{subsubsection.7.11.3.3}{\376\377\0007\000.\0001\0001\000.\0003\000.\0003\000\040\000a\000c\000t\000i\000o\000n\000s}{subsection.7.11.3}% 99
\BOOKMARK [1][-]{section.7.12}{\376\377\0007\000.\0001\0002\000\040\000A\000r\000e\000a\000.\000M\000o\000d\000e\000l\000s\000.\000F\000a\000c\000e\000b\000o\000o\000k\000S\000p\000o\000t\000i\000f\000y\000A\000r\000e\000a\000\040\000C\000l\000a\000s\000s\000\040\000R\000e\000f\000e\000r\000e\000n\000c\000e}{chapter.7}% 100
\BOOKMARK [2][-]{subsection.7.12.1}{\376\377\0007\000.\0001\0002\000.\0001\000\040\000C\000o\000n\000s\000t\000r\000u\000c\000t\000o\000r\000\040\000\046\000\040\000D\000e\000s\000t\000r\000u\000c\000t\000o\000r\000\040\000D\000o\000c\000u\000m\000e\000n\000t\000a\000t\000i\000o\000n}{section.7.12}% 101
\BOOKMARK [3][-]{subsubsection.7.12.1.1}{\376\377\0007\000.\0001\0002\000.\0001\000.\0001\000\040\000F\000a\000c\000e\000b\000o\000o\000k\000S\000p\000o\000t\000i\000f\000y\000A\000r\000e\000a\000\050\000\051}{subsection.7.12.1}% 102
\BOOKMARK [2][-]{subsection.7.12.2}{\376\377\0007\000.\0001\0002\000.\0002\000\040\000M\000e\000m\000b\000e\000r\000\040\000F\000u\000n\000c\000t\000i\000o\000n\000\040\000D\000o\000c\000u\000m\000e\000n\000t\000a\000t\000i\000o\000n}{section.7.12}% 103
\BOOKMARK [3][-]{subsubsection.7.12.2.1}{\376\377\0007\000.\0001\0002\000.\0002\000.\0001\000\040\000i\000s\000A\000v\000a\000i\000l\000a\000b\000l\000e\000\050\000\051}{subsection.7.12.2}% 104
\BOOKMARK [3][-]{subsubsection.7.12.2.2}{\376\377\0007\000.\0001\0002\000.\0002\000.\0002\000\040\000r\000u\000n\000\050\000\051}{subsection.7.12.2}% 105
\BOOKMARK [2][-]{subsection.7.12.3}{\376\377\0007\000.\0001\0002\000.\0003\000\040\000M\000e\000m\000b\000e\000r\000\040\000D\000a\000t\000a\000\040\000D\000o\000c\000u\000m\000e\000n\000t\000a\000t\000i\000o\000n}{section.7.12}% 106
\BOOKMARK [3][-]{subsubsection.7.12.3.1}{\376\377\0007\000.\0001\0002\000.\0003\000.\0001\000\040\000a\000r\000e\000a}{subsection.7.12.3}% 107
\BOOKMARK [3][-]{subsubsection.7.12.3.2}{\376\377\0007\000.\0001\0002\000.\0003\000.\0002\000\040\000f\000a\000c\000e\000b\000o\000o\000k}{subsection.7.12.3}% 108
\BOOKMARK [3][-]{subsubsection.7.12.3.3}{\376\377\0007\000.\0001\0002\000.\0003\000.\0003\000\040\000f\000a\000c\000e\000b\000o\000o\000k\000T\000o\000k\000e\000n}{subsection.7.12.3}% 109
\BOOKMARK [3][-]{subsubsection.7.12.3.4}{\376\377\0007\000.\0001\0002\000.\0003\000.\0004\000\040\000l\000a\000s\000t\000\137\000e\000v\000e\000n\000t}{subsection.7.12.3}% 110
\BOOKMARK [3][-]{subsubsection.7.12.3.5}{\376\377\0007\000.\0001\0002\000.\0003\000.\0005\000\040\000s\000p\000o\000t\000i\000f\000y}{subsection.7.12.3}% 111
\BOOKMARK [3][-]{subsubsection.7.12.3.6}{\376\377\0007\000.\0001\0002\000.\0003\000.\0006\000\040\000s\000p\000o\000t\000i\000f\000y\000T\000o\000k\000e\000n}{subsection.7.12.3}% 112
\BOOKMARK [3][-]{subsubsection.7.12.3.7}{\376\377\0007\000.\0001\0002\000.\0003\000.\0007\000\040\000u\000s\000e\000r\000n\000a\000m\000e}{subsection.7.12.3}% 113
\BOOKMARK [1][-]{section.7.13}{\376\377\0007\000.\0001\0003\000\040\000A\000r\000e\000a\000.\000C\000o\000n\000t\000r\000o\000l\000l\000e\000r\000s\000.\000F\000a\000c\000e\000b\000o\000o\000k\000S\000p\000o\000t\000i\000f\000y\000A\000r\000e\000a\000C\000o\000n\000t\000r\000o\000l\000l\000e\000r\000\040\000C\000l\000a\000s\000s\000\040\000R\000e\000f\000e\000r\000e\000n\000c\000e}{chapter.7}% 114
\BOOKMARK [2][-]{subsection.7.13.1}{\376\377\0007\000.\0001\0003\000.\0001\000\040\000M\000e\000m\000b\000e\000r\000\040\000F\000u\000n\000c\000t\000i\000o\000n\000\040\000D\000o\000c\000u\000m\000e\000n\000t\000a\000t\000i\000o\000n}{section.7.13}% 115
\BOOKMARK [3][-]{subsubsection.7.13.1.1}{\376\377\0007\000.\0001\0003\000.\0001\000.\0001\000\040\000F\000a\000c\000e\000b\000o\000o\000k\000S\000p\000o\000t\000i\000f\000y\000A\000r\000e\000a\000C\000r\000e\000a\000t\000i\000o\000n\000\050\000\051}{subsection.7.13.1}% 116
\BOOKMARK [3][-]{subsubsection.7.13.1.2}{\376\377\0007\000.\0001\0003\000.\0001\000.\0002\000\040\000F\000a\000c\000e\000b\000o\000o\000k\000S\000p\000o\000t\000i\000f\000y\000A\000r\000e\000a\000D\000e\000l\000e\000t\000i\000o\000n\000\050\000\051}{subsection.7.13.1}% 117
\BOOKMARK [1][-]{section.7.14}{\376\377\0007\000.\0001\0004\000\040\000A\000r\000e\000a\000.\000M\000o\000d\000e\000l\000s\000.\000F\000a\000c\000e\000b\000o\000o\000k\000T\000w\000i\000t\000t\000e\000r\000A\000r\000e\000a\000\040\000C\000l\000a\000s\000s\000\040\000R\000e\000f\000e\000r\000e\000n\000c\000e}{chapter.7}% 118
\BOOKMARK [2][-]{subsection.7.14.1}{\376\377\0007\000.\0001\0004\000.\0001\000\040\000C\000o\000n\000s\000t\000r\000u\000c\000t\000o\000r\000\040\000\046\000\040\000D\000e\000s\000t\000r\000u\000c\000t\000o\000r\000\040\000D\000o\000c\000u\000m\000e\000n\000t\000a\000t\000i\000o\000n}{section.7.14}% 119
\BOOKMARK [3][-]{subsubsection.7.14.1.1}{\376\377\0007\000.\0001\0004\000.\0001\000.\0001\000\040\000F\000a\000c\000e\000b\000o\000o\000k\000T\000w\000i\000t\000t\000e\000r\000A\000r\000e\000a\000\050\000\051}{subsection.7.14.1}% 120
\BOOKMARK [2][-]{subsection.7.14.2}{\376\377\0007\000.\0001\0004\000.\0002\000\040\000M\000e\000m\000b\000e\000r\000\040\000F\000u\000n\000c\000t\000i\000o\000n\000\040\000D\000o\000c\000u\000m\000e\000n\000t\000a\000t\000i\000o\000n}{section.7.14}% 121
\BOOKMARK [3][-]{subsubsection.7.14.2.1}{\376\377\0007\000.\0001\0004\000.\0002\000.\0001\000\040\000i\000s\000A\000v\000a\000i\000l\000a\000b\000l\000e\000\050\000\051}{subsection.7.14.2}% 122
\BOOKMARK [3][-]{subsubsection.7.14.2.2}{\376\377\0007\000.\0001\0004\000.\0002\000.\0002\000\040\000r\000u\000n\000\050\000\051}{subsection.7.14.2}% 123
\BOOKMARK [2][-]{subsection.7.14.3}{\376\377\0007\000.\0001\0004\000.\0003\000\040\000M\000e\000m\000b\000e\000r\000\040\000D\000a\000t\000a\000\040\000D\000o\000c\000u\000m\000e\000n\000t\000a\000t\000i\000o\000n}{section.7.14}% 124
\BOOKMARK [3][-]{subsubsection.7.14.3.1}{\376\377\0007\000.\0001\0004\000.\0003\000.\0001\000\040\000a\000r\000e\000a}{subsection.7.14.3}% 125
\BOOKMARK [3][-]{subsubsection.7.14.3.2}{\376\377\0007\000.\0001\0004\000.\0003\000.\0002\000\040\000f\000a\000c\000e\000b\000o\000o\000k}{subsection.7.14.3}% 126
\BOOKMARK [3][-]{subsubsection.7.14.3.3}{\376\377\0007\000.\0001\0004\000.\0003\000.\0003\000\040\000F\000a\000c\000e\000b\000o\000o\000k\000T\000o\000k\000e\000n}{subsection.7.14.3}% 127
\BOOKMARK [3][-]{subsubsection.7.14.3.4}{\376\377\0007\000.\0001\0004\000.\0003\000.\0004\000\040\000l\000a\000s\000t\000\137\000e\000v\000e\000n\000t}{subsection.7.14.3}% 128
\BOOKMARK [3][-]{subsubsection.7.14.3.5}{\376\377\0007\000.\0001\0004\000.\0003\000.\0005\000\040\000t\000w\000i\000t\000t\000e\000r}{subsection.7.14.3}% 129
\BOOKMARK [3][-]{subsubsection.7.14.3.6}{\376\377\0007\000.\0001\0004\000.\0003\000.\0006\000\040\000t\000w\000i\000t\000t\000e\000r\000T\000o\000k\000e\000n}{subsection.7.14.3}% 130
\BOOKMARK [3][-]{subsubsection.7.14.3.7}{\376\377\0007\000.\0001\0004\000.\0003\000.\0007\000\040\000t\000w\000i\000t\000t\000e\000r\000T\000o\000k\000e\000n\000S\000e\000c\000r\000e\000t}{subsection.7.14.3}% 131
\BOOKMARK [3][-]{subsubsection.7.14.3.8}{\376\377\0007\000.\0001\0004\000.\0003\000.\0008\000\040\000u\000s\000e\000r\000n\000a\000m\000e}{subsection.7.14.3}% 132
\BOOKMARK [1][-]{section.7.15}{\376\377\0007\000.\0001\0005\000\040\000A\000r\000e\000a\000.\000C\000o\000n\000t\000r\000o\000l\000l\000e\000r\000s\000.\000F\000a\000c\000e\000b\000o\000o\000k\000T\000w\000i\000t\000t\000e\000r\000A\000r\000e\000a\000C\000o\000n\000t\000r\000o\000l\000l\000e\000r\000\040\000C\000l\000a\000s\000s\000\040\000R\000e\000f\000e\000r\000e\000n\000c\000e}{chapter.7}% 133
\BOOKMARK [2][-]{subsection.7.15.1}{\376\377\0007\000.\0001\0005\000.\0001\000\040\000M\000e\000m\000b\000e\000r\000\040\000F\000u\000n\000c\000t\000i\000o\000n\000\040\000D\000o\000c\000u\000m\000e\000n\000t\000a\000t\000i\000o\000n}{section.7.15}% 134
\BOOKMARK [3][-]{subsubsection.7.15.1.1}{\376\377\0007\000.\0001\0005\000.\0001\000.\0001\000\040\000F\000a\000c\000e\000b\000o\000o\000k\000T\000w\000i\000t\000t\000e\000r\000A\000r\000e\000a\000C\000r\000e\000a\000t\000i\000o\000n\000\050\000\051}{subsection.7.15.1}% 135
\BOOKMARK [3][-]{subsubsection.7.15.1.2}{\376\377\0007\000.\0001\0005\000.\0001\000.\0002\000\040\000F\000a\000c\000e\000b\000o\000o\000k\000T\000w\000i\000t\000t\000e\000r\000A\000r\000e\000a\000D\000e\000l\000e\000t\000i\000o\000n\000\050\000\051}{subsection.7.15.1}% 136
\BOOKMARK [1][-]{section.7.16}{\376\377\0007\000.\0001\0006\000\040\000A\000r\000e\000a\000.\000M\000o\000d\000e\000l\000s\000.\000F\000o\000r\000m\000C\000o\000d\000e\000\040\000C\000l\000a\000s\000s\000\040\000R\000e\000f\000e\000r\000e\000n\000c\000e}{chapter.7}% 137
\BOOKMARK [2][-]{subsection.7.16.1}{\376\377\0007\000.\0001\0006\000.\0001\000\040\000P\000r\000o\000p\000e\000r\000t\000y\000\040\000D\000o\000c\000u\000m\000e\000n\000t\000a\000t\000i\000o\000n}{section.7.16}% 138
\BOOKMARK [3][-]{subsubsection.7.16.1.1}{\376\377\0007\000.\0001\0006\000.\0001\000.\0001\000\040\000c\000o\000d\000e}{subsection.7.16.1}% 139
\BOOKMARK [1][-]{section.7.17}{\376\377\0007\000.\0001\0007\000\040\000A\000r\000e\000a\000.\000M\000o\000d\000e\000l\000s\000.\000F\000o\000r\000m\000L\000o\000g\000i\000n\000\040\000C\000l\000a\000s\000s\000\040\000R\000e\000f\000e\000r\000e\000n\000c\000e}{chapter.7}% 140
\BOOKMARK [2][-]{subsection.7.17.1}{\376\377\0007\000.\0001\0007\000.\0001\000\040\000P\000r\000o\000p\000e\000r\000t\000y\000\040\000D\000o\000c\000u\000m\000e\000n\000t\000a\000t\000i\000o\000n}{section.7.17}% 141
\BOOKMARK [3][-]{subsubsection.7.17.1.1}{\376\377\0007\000.\0001\0007\000.\0001\000.\0001\000\040\000p\000a\000s\000s\000w\000o\000r\000d}{subsection.7.17.1}% 142
\BOOKMARK [3][-]{subsubsection.7.17.1.2}{\376\377\0007\000.\0001\0007\000.\0001\000.\0002\000\040\000u\000s\000e\000r\000n\000a\000m\000e}{subsection.7.17.1}% 143
\BOOKMARK [1][-]{section.7.18}{\376\377\0007\000.\0001\0008\000\040\000A\000r\000e\000a\000.\000M\000o\000d\000e\000l\000s\000.\000F\000o\000r\000m\000R\000e\000g\000i\000s\000t\000e\000r\000\040\000C\000l\000a\000s\000s\000\040\000R\000e\000f\000e\000r\000e\000n\000c\000e}{chapter.7}% 144
\BOOKMARK [2][-]{subsection.7.18.1}{\376\377\0007\000.\0001\0008\000.\0001\000\040\000P\000r\000o\000p\000e\000r\000t\000y\000\040\000D\000o\000c\000u\000m\000e\000n\000t\000a\000t\000i\000o\000n}{section.7.18}% 145
\BOOKMARK [3][-]{subsubsection.7.18.1.1}{\376\377\0007\000.\0001\0008\000.\0001\000.\0001\000\040\000c\000o\000n\000f\000i\000r\000m\000a\000t\000i\000o\000n}{subsection.7.18.1}% 146
\BOOKMARK [3][-]{subsubsection.7.18.1.2}{\376\377\0007\000.\0001\0008\000.\0001\000.\0002\000\040\000e\000m\000a\000i\000l}{subsection.7.18.1}% 147
\BOOKMARK [3][-]{subsubsection.7.18.1.3}{\376\377\0007\000.\0001\0008\000.\0001\000.\0003\000\040\000p\000a\000s\000s\000w\000o\000r\000d}{subsection.7.18.1}% 148
\BOOKMARK [3][-]{subsubsection.7.18.1.4}{\376\377\0007\000.\0001\0008\000.\0001\000.\0004\000\040\000u\000s\000e\000r\000n\000a\000m\000e}{subsection.7.18.1}% 149
\BOOKMARK [1][-]{section.7.19}{\376\377\0007\000.\0001\0009\000\040\000A\000r\000e\000a\000.\000C\000o\000n\000t\000r\000o\000l\000l\000e\000r\000s\000.\000G\000i\000t\000h\000u\000b\000C\000o\000n\000t\000r\000o\000l\000l\000e\000r\000\040\000C\000l\000a\000s\000s\000\040\000R\000e\000f\000e\000r\000e\000n\000c\000e}{chapter.7}% 150
\BOOKMARK [2][-]{subsection.7.19.1}{\376\377\0007\000.\0001\0009\000.\0001\000\040\000M\000e\000m\000b\000e\000r\000\040\000F\000u\000n\000c\000t\000i\000o\000n\000\040\000D\000o\000c\000u\000m\000e\000n\000t\000a\000t\000i\000o\000n}{section.7.19}% 151
\BOOKMARK [3][-]{subsubsection.7.19.1.1}{\376\377\0007\000.\0001\0009\000.\0001\000.\0001\000\040\000G\000i\000t\000h\000u\000b\000A\000u\000t\000h\000o\000r\000i\000z\000e\000d\000\050\000\051}{subsection.7.19.1}% 152
\BOOKMARK [3][-]{subsubsection.7.19.1.2}{\376\377\0007\000.\0001\0009\000.\0001\000.\0002\000\040\000G\000i\000t\000h\000u\000b\000C\000o\000n\000n\000e\000c\000t\000i\000o\000n\000\050\000\051}{subsection.7.19.1}% 153
\BOOKMARK [1][-]{section.7.20}{\376\377\0007\000.\0002\0000\000\040\000A\000r\000e\000a\000.\000M\000o\000d\000e\000l\000s\000.\000G\000i\000t\000h\000u\000b\000F\000a\000c\000e\000b\000o\000o\000k\000A\000r\000e\000a\000\040\000C\000l\000a\000s\000s\000\040\000R\000e\000f\000e\000r\000e\000n\000c\000e}{chapter.7}% 154
\BOOKMARK [2][-]{subsection.7.20.1}{\376\377\0007\000.\0002\0000\000.\0001\000\040\000C\000o\000n\000s\000t\000r\000u\000c\000t\000o\000r\000\040\000\046\000\040\000D\000e\000s\000t\000r\000u\000c\000t\000o\000r\000\040\000D\000o\000c\000u\000m\000e\000n\000t\000a\000t\000i\000o\000n}{section.7.20}% 155
\BOOKMARK [3][-]{subsubsection.7.20.1.1}{\376\377\0007\000.\0002\0000\000.\0001\000.\0001\000\040\000G\000i\000t\000h\000u\000b\000F\000a\000c\000e\000b\000o\000o\000k\000A\000r\000e\000a\000\050\000\051}{subsection.7.20.1}% 156
\BOOKMARK [2][-]{subsection.7.20.2}{\376\377\0007\000.\0002\0000\000.\0002\000\040\000M\000e\000m\000b\000e\000r\000\040\000F\000u\000n\000c\000t\000i\000o\000n\000\040\000D\000o\000c\000u\000m\000e\000n\000t\000a\000t\000i\000o\000n}{section.7.20}% 157
\BOOKMARK [3][-]{subsubsection.7.20.2.1}{\376\377\0007\000.\0002\0000\000.\0002\000.\0001\000\040\000i\000s\000A\000v\000a\000i\000l\000a\000b\000l\000e\000\050\000\051}{subsection.7.20.2}% 158
\BOOKMARK [3][-]{subsubsection.7.20.2.2}{\376\377\0007\000.\0002\0000\000.\0002\000.\0002\000\040\000r\000u\000n\000\050\000\051}{subsection.7.20.2}% 159
\BOOKMARK [2][-]{subsection.7.20.3}{\376\377\0007\000.\0002\0000\000.\0003\000\040\000M\000e\000m\000b\000e\000r\000\040\000D\000a\000t\000a\000\040\000D\000o\000c\000u\000m\000e\000n\000t\000a\000t\000i\000o\000n}{section.7.20}% 160
\BOOKMARK [3][-]{subsubsection.7.20.3.1}{\376\377\0007\000.\0002\0000\000.\0003\000.\0001\000\040\000a\000r\000e\000a}{subsection.7.20.3}% 161
\BOOKMARK [3][-]{subsubsection.7.20.3.2}{\376\377\0007\000.\0002\0000\000.\0003\000.\0002\000\040\000F\000a\000c\000e\000b\000o\000o\000k}{subsection.7.20.3}% 162
\BOOKMARK [3][-]{subsubsection.7.20.3.3}{\376\377\0007\000.\0002\0000\000.\0003\000.\0003\000\040\000G\000i\000t\000h\000u\000b}{subsection.7.20.3}% 163
\BOOKMARK [1][-]{section.7.21}{\376\377\0007\000.\0002\0001\000\040\000A\000r\000e\000a\000.\000C\000o\000n\000t\000r\000o\000l\000l\000e\000r\000s\000.\000G\000i\000t\000h\000u\000b\000F\000a\000c\000e\000b\000o\000o\000k\000A\000r\000e\000a\000C\000o\000n\000t\000r\000o\000l\000l\000e\000r\000\040\000C\000l\000a\000s\000s\000\040\000R\000e\000f\000e\000r\000e\000n\000c\000e}{chapter.7}% 164
\BOOKMARK [2][-]{subsection.7.21.1}{\376\377\0007\000.\0002\0001\000.\0001\000\040\000M\000e\000m\000b\000e\000r\000\040\000F\000u\000n\000c\000t\000i\000o\000n\000\040\000D\000o\000c\000u\000m\000e\000n\000t\000a\000t\000i\000o\000n}{section.7.21}% 165
\BOOKMARK [3][-]{subsubsection.7.21.1.1}{\376\377\0007\000.\0002\0001\000.\0001\000.\0001\000\040\000G\000i\000t\000h\000u\000b\000F\000a\000c\000e\000b\000o\000o\000k\000A\000r\000e\000a\000C\000r\000e\000a\000t\000i\000o\000n\000\050\000\051}{subsection.7.21.1}% 166
\BOOKMARK [3][-]{subsubsection.7.21.1.2}{\376\377\0007\000.\0002\0001\000.\0001\000.\0002\000\040\000G\000i\000t\000h\000u\000b\000F\000a\000c\000e\000b\000o\000o\000k\000A\000r\000e\000a\000D\000e\000l\000e\000t\000i\000o\000n\000\050\000\051}{subsection.7.21.1}% 167
\BOOKMARK [1][-]{section.7.22}{\376\377\0007\000.\0002\0002\000\040\000A\000r\000e\000a\000.\000M\000o\000d\000e\000l\000s\000.\000G\000i\000t\000h\000u\000b\000M\000o\000d\000u\000l\000e\000M\000o\000d\000e\000l\000\040\000C\000l\000a\000s\000s\000\040\000R\000e\000f\000e\000r\000e\000n\000c\000e}{chapter.7}% 168
\BOOKMARK [2][-]{subsection.7.22.1}{\376\377\0007\000.\0002\0002\000.\0001\000\040\000C\000o\000n\000s\000t\000r\000u\000c\000t\000o\000r\000\040\000\046\000\040\000D\000e\000s\000t\000r\000u\000c\000t\000o\000r\000\040\000D\000o\000c\000u\000m\000e\000n\000t\000a\000t\000i\000o\000n}{section.7.22}% 169
\BOOKMARK [3][-]{subsubsection.7.22.1.1}{\376\377\0007\000.\0002\0002\000.\0001\000.\0001\000\040\000G\000i\000t\000h\000u\000b\000M\000o\000d\000u\000l\000e\000M\000o\000d\000e\000l\000\050\000\051}{subsection.7.22.1}% 170
\BOOKMARK [2][-]{subsection.7.22.2}{\376\377\0007\000.\0002\0002\000.\0002\000\040\000M\000e\000m\000b\000e\000r\000\040\000F\000u\000n\000c\000t\000i\000o\000n\000\040\000D\000o\000c\000u\000m\000e\000n\000t\000a\000t\000i\000o\000n}{section.7.22}% 171
\BOOKMARK [3][-]{subsubsection.7.22.2.1}{\376\377\0007\000.\0002\0002\000.\0002\000.\0001\000\040\000c\000r\000e\000a\000t\000e\000R\000e\000p\000o\000\050\000\051}{subsection.7.22.2}% 172
\BOOKMARK [3][-]{subsubsection.7.22.2.2}{\376\377\0007\000.\0002\0002\000.\0002\000.\0002\000\040\000g\000e\000t\000A\000c\000c\000e\000s\000s\000T\000o\000k\000e\000n\000\050\000\051}{subsection.7.22.2}% 173
\BOOKMARK [3][-]{subsubsection.7.22.2.3}{\376\377\0007\000.\0002\0002\000.\0002\000.\0003\000\040\000g\000e\000t\000A\000c\000t\000i\000o\000n\000\050\000\051}{subsection.7.22.2}% 174
\BOOKMARK [3][-]{subsubsection.7.22.2.4}{\376\377\0007\000.\0002\0002\000.\0002\000.\0004\000\040\000g\000e\000t\000A\000c\000t\000i\000o\000n\000s\000\050\000\051}{subsection.7.22.2}% 175
\BOOKMARK [3][-]{subsubsection.7.22.2.5}{\376\377\0007\000.\0002\0002\000.\0002\000.\0005\000\040\000g\000e\000t\000P\000u\000b\000l\000i\000c\000I\000n\000f\000o\000s\000\050\000\051}{subsection.7.22.2}% 176
\BOOKMARK [3][-]{subsubsection.7.22.2.6}{\376\377\0007\000.\0002\0002\000.\0002\000.\0006\000\040\000p\000o\000s\000t\000R\000e\000a\000c\000t\000i\000o\000n\000\050\000\051}{subsection.7.22.2}% 177
\BOOKMARK [3][-]{subsubsection.7.22.2.7}{\376\377\0007\000.\0002\0002\000.\0002\000.\0007\000\040\000s\000e\000t\000A\000c\000c\000e\000s\000s\000T\000o\000k\000e\000n\000\050\000\051}{subsection.7.22.2}% 178
\BOOKMARK [2][-]{subsection.7.22.3}{\376\377\0007\000.\0002\0002\000.\0003\000\040\000M\000e\000m\000b\000e\000r\000\040\000D\000a\000t\000a\000\040\000D\000o\000c\000u\000m\000e\000n\000t\000a\000t\000i\000o\000n}{section.7.22}% 179
\BOOKMARK [3][-]{subsubsection.7.22.3.1}{\376\377\0007\000.\0002\0002\000.\0003\000.\0001\000\040\000a\000c\000c\000e\000s\000s\000\137\000t\000o\000k\000e\000n}{subsection.7.22.3}% 180
\BOOKMARK [3][-]{subsubsection.7.22.3.2}{\376\377\0007\000.\0002\0002\000.\0003\000.\0002\000\040\000i\000n\000d\000e\000x}{subsection.7.22.3}% 181
\BOOKMARK [1][-]{section.7.23}{\376\377\0007\000.\0002\0003\000\040\000A\000r\000e\000a\000.\000C\000o\000n\000t\000r\000o\000l\000l\000e\000r\000s\000.\000H\000o\000m\000e\000C\000o\000n\000t\000r\000o\000l\000l\000e\000r\000\040\000C\000l\000a\000s\000s\000\040\000R\000e\000f\000e\000r\000e\000n\000c\000e}{chapter.7}% 182
\BOOKMARK [2][-]{subsection.7.23.1}{\376\377\0007\000.\0002\0003\000.\0001\000\040\000M\000e\000m\000b\000e\000r\000\040\000F\000u\000n\000c\000t\000i\000o\000n\000\040\000D\000o\000c\000u\000m\000e\000n\000t\000a\000t\000i\000o\000n}{section.7.23}% 183
\BOOKMARK [3][-]{subsubsection.7.23.1.1}{\376\377\0007\000.\0002\0003\000.\0001\000.\0001\000\040\000A\000b\000o\000u\000t\000\050\000\051}{subsection.7.23.1}% 184
\BOOKMARK [3][-]{subsubsection.7.23.1.2}{\376\377\0007\000.\0002\0003\000.\0001\000.\0002\000\040\000C\000o\000n\000f\000i\000r\000m\000R\000e\000g\000i\000s\000t\000e\000r\000\050\000\051\000\040\000[\0001\000/\0002\000]}{subsection.7.23.1}% 185
\BOOKMARK [3][-]{subsubsection.7.23.1.3}{\376\377\0007\000.\0002\0003\000.\0001\000.\0003\000\040\000C\000o\000n\000f\000i\000r\000m\000R\000e\000g\000i\000s\000t\000e\000r\000\050\000\051\000\040\000[\0002\000/\0002\000]}{subsection.7.23.1}% 186
\BOOKMARK [3][-]{subsubsection.7.23.1.4}{\376\377\0007\000.\0002\0003\000.\0001\000.\0004\000\040\000C\000o\000n\000t\000a\000c\000t\000\050\000\051}{subsection.7.23.1}% 187
\BOOKMARK [3][-]{subsubsection.7.23.1.5}{\376\377\0007\000.\0002\0003\000.\0001\000.\0005\000\040\000D\000i\000s\000c\000o\000n\000n\000e\000c\000t\000\050\000\051}{subsection.7.23.1}% 188
\BOOKMARK [3][-]{subsubsection.7.23.1.6}{\376\377\0007\000.\0002\0003\000.\0001\000.\0006\000\040\000E\000r\000r\000o\000r\000\050\000\051}{subsection.7.23.1}% 189
\BOOKMARK [3][-]{subsubsection.7.23.1.7}{\376\377\0007\000.\0002\0003\000.\0001\000.\0007\000\040\000I\000n\000d\000e\000x\000\050\000\051}{subsection.7.23.1}% 190
\BOOKMARK [3][-]{subsubsection.7.23.1.8}{\376\377\0007\000.\0002\0003\000.\0001\000.\0008\000\040\000I\000s\000L\000o\000g\000\050\000\051}{subsection.7.23.1}% 191
\BOOKMARK [3][-]{subsubsection.7.23.1.9}{\376\377\0007\000.\0002\0003\000.\0001\000.\0009\000\040\000L\000o\000g\000i\000n\000\050\000\051\000\040\000[\0001\000/\0002\000]}{subsection.7.23.1}% 192
\BOOKMARK [3][-]{subsubsection.7.23.1.10}{\376\377\0007\000.\0002\0003\000.\0001\000.\0001\0000\000\040\000L\000o\000g\000i\000n\000\050\000\051\000\040\000[\0002\000/\0002\000]}{subsection.7.23.1}% 193
\BOOKMARK [3][-]{subsubsection.7.23.1.11}{\376\377\0007\000.\0002\0003\000.\0001\000.\0001\0001\000\040\000M\000a\000n\000a\000g\000e\000A\000r\000e\000a\000\050\000\051}{subsection.7.23.1}% 194
\BOOKMARK [3][-]{subsubsection.7.23.1.12}{\376\377\0007\000.\0002\0003\000.\0001\000.\0001\0002\000\040\000R\000e\000g\000i\000s\000t\000e\000r\000\050\000\051\000\040\000[\0001\000/\0002\000]}{subsection.7.23.1}% 195
\BOOKMARK [3][-]{subsubsection.7.23.1.13}{\376\377\0007\000.\0002\0003\000.\0001\000.\0001\0003\000\040\000R\000e\000g\000i\000s\000t\000e\000r\000\050\000\051\000\040\000[\0002\000/\0002\000]}{subsection.7.23.1}% 196
\BOOKMARK [1][-]{section.7.24}{\376\377\0007\000.\0002\0004\000\040\000A\000r\000e\000a\000.\000M\000o\000d\000e\000l\000s\000.\000I\000A\000r\000e\000a\000\040\000I\000n\000t\000e\000r\000f\000a\000c\000e\000\040\000R\000e\000f\000e\000r\000e\000n\000c\000e}{chapter.7}% 197
\BOOKMARK [2][-]{subsection.7.24.1}{\376\377\0007\000.\0002\0004\000.\0001\000\040\000M\000e\000m\000b\000e\000r\000\040\000F\000u\000n\000c\000t\000i\000o\000n\000\040\000D\000o\000c\000u\000m\000e\000n\000t\000a\000t\000i\000o\000n}{section.7.24}% 198
\BOOKMARK [3][-]{subsubsection.7.24.1.1}{\376\377\0007\000.\0002\0004\000.\0001\000.\0001\000\040\000i\000s\000A\000v\000a\000i\000l\000a\000b\000l\000e\000\050\000\051}{subsection.7.24.1}% 199
\BOOKMARK [3][-]{subsubsection.7.24.1.2}{\376\377\0007\000.\0002\0004\000.\0001\000.\0002\000\040\000r\000u\000n\000\050\000\051}{subsection.7.24.1}% 200
\BOOKMARK [1][-]{section.7.25}{\376\377\0007\000.\0002\0005\000\040\000A\000r\000e\000a\000.\000M\000o\000d\000e\000l\000s\000.\000I\000M\000o\000d\000u\000l\000e\000M\000o\000d\000e\000l\000\040\000I\000n\000t\000e\000r\000f\000a\000c\000e\000\040\000R\000e\000f\000e\000r\000e\000n\000c\000e}{chapter.7}% 201
\BOOKMARK [2][-]{subsection.7.25.1}{\376\377\0007\000.\0002\0005\000.\0001\000\040\000M\000e\000m\000b\000e\000r\000\040\000F\000u\000n\000c\000t\000i\000o\000n\000\040\000D\000o\000c\000u\000m\000e\000n\000t\000a\000t\000i\000o\000n}{section.7.25}% 202
\BOOKMARK [3][-]{subsubsection.7.25.1.1}{\376\377\0007\000.\0002\0005\000.\0001\000.\0001\000\040\000g\000e\000t\000A\000c\000t\000i\000o\000n\000\050\000\051}{subsection.7.25.1}% 203
\BOOKMARK [3][-]{subsubsection.7.25.1.2}{\376\377\0007\000.\0002\0005\000.\0001\000.\0002\000\040\000p\000o\000s\000t\000R\000e\000a\000c\000t\000i\000o\000n\000\050\000\051}{subsection.7.25.1}% 204
\BOOKMARK [1][-]{section.7.26}{\376\377\0007\000.\0002\0006\000\040\000A\000r\000e\000a\000.\000C\000o\000n\000t\000r\000o\000l\000l\000e\000r\000s\000.\000M\000a\000n\000a\000g\000e\000A\000r\000e\000a\000C\000o\000n\000t\000r\000o\000l\000l\000e\000r\000\040\000C\000l\000a\000s\000s\000\040\000R\000e\000f\000e\000r\000e\000n\000c\000e}{chapter.7}% 205
\BOOKMARK [2][-]{subsection.7.26.1}{\376\377\0007\000.\0002\0006\000.\0001\000\040\000M\000e\000m\000b\000e\000r\000\040\000F\000u\000n\000c\000t\000i\000o\000n\000\040\000D\000o\000c\000u\000m\000e\000n\000t\000a\000t\000i\000o\000n}{section.7.26}% 206
\BOOKMARK [3][-]{subsubsection.7.26.1.1}{\376\377\0007\000.\0002\0006\000.\0001\000.\0001\000\040\000g\000e\000t\000A\000c\000t\000i\000v\000e\000A\000r\000e\000a\000s\000\050\000\051}{subsection.7.26.1}% 207
\BOOKMARK [3][-]{subsubsection.7.26.1.2}{\376\377\0007\000.\0002\0006\000.\0001\000.\0002\000\040\000g\000e\000t\000A\000v\000a\000i\000l\000a\000b\000l\000e\000A\000r\000e\000a\000s\000\050\000\051}{subsection.7.26.1}% 208
\BOOKMARK [3][-]{subsubsection.7.26.1.3}{\376\377\0007\000.\0002\0006\000.\0001\000.\0003\000\040\000g\000e\000t\000U\000n\000a\000v\000a\000i\000l\000a\000b\000l\000e\000A\000r\000e\000a\000s\000\050\000\051}{subsection.7.26.1}% 209
\BOOKMARK [3][-]{subsubsection.7.26.1.4}{\376\377\0007\000.\0002\0006\000.\0001\000.\0004\000\040\000M\000a\000n\000a\000g\000e\000A\000r\000e\000a\000\050\000\051}{subsection.7.26.1}% 210
\BOOKMARK [1][-]{section.7.27}{\376\377\0007\000.\0002\0007\000\040\000A\000r\000e\000a\000.\000P\000r\000o\000g\000r\000a\000m\000\040\000C\000l\000a\000s\000s\000\040\000R\000e\000f\000e\000r\000e\000n\000c\000e}{chapter.7}% 211
\BOOKMARK [2][-]{subsection.7.27.1}{\376\377\0007\000.\0002\0007\000.\0001\000\040\000M\000e\000m\000b\000e\000r\000\040\000F\000u\000n\000c\000t\000i\000o\000n\000\040\000D\000o\000c\000u\000m\000e\000n\000t\000a\000t\000i\000o\000n}{section.7.27}% 212
\BOOKMARK [3][-]{subsubsection.7.27.1.1}{\376\377\0007\000.\0002\0007\000.\0001\000.\0001\000\040\000B\000u\000i\000l\000d\000W\000e\000b\000H\000o\000s\000t\000\050\000\051}{subsection.7.27.1}% 213
\BOOKMARK [3][-]{subsubsection.7.27.1.2}{\376\377\0007\000.\0002\0007\000.\0001\000.\0002\000\040\000M\000a\000i\000n\000\050\000\051}{subsection.7.27.1}% 214
\BOOKMARK [1][-]{section.7.28}{\376\377\0007\000.\0002\0008\000\040\000A\000r\000e\000a\000.\000C\000o\000n\000t\000r\000o\000l\000l\000e\000r\000s\000.\000S\000p\000o\000t\000i\000f\000y\000C\000o\000n\000t\000r\000o\000l\000l\000e\000r\000\040\000C\000l\000a\000s\000s\000\040\000R\000e\000f\000e\000r\000e\000n\000c\000e}{chapter.7}% 215
\BOOKMARK [2][-]{subsection.7.28.1}{\376\377\0007\000.\0002\0008\000.\0001\000\040\000M\000e\000m\000b\000e\000r\000\040\000F\000u\000n\000c\000t\000i\000o\000n\000\040\000D\000o\000c\000u\000m\000e\000n\000t\000a\000t\000i\000o\000n}{section.7.28}% 216
\BOOKMARK [3][-]{subsubsection.7.28.1.1}{\376\377\0007\000.\0002\0008\000.\0001\000.\0001\000\040\000A\000u\000t\000h\000\050\000\051}{subsection.7.28.1}% 217
\BOOKMARK [3][-]{subsubsection.7.28.1.2}{\376\377\0007\000.\0002\0008\000.\0001\000.\0002\000\040\000A\000u\000t\000h\000R\000e\000s\000p\000o\000n\000s\000e\000\050\000\051}{subsection.7.28.1}% 218
\BOOKMARK [3][-]{subsubsection.7.28.1.3}{\376\377\0007\000.\0002\0008\000.\0001\000.\0003\000\040\000C\000o\000n\000n\000e\000c\000t\000e\000d\000\050\000\051}{subsection.7.28.1}% 219
\BOOKMARK [3][-]{subsubsection.7.28.1.4}{\376\377\0007\000.\0002\0008\000.\0001\000.\0004\000\040\000G\000e\000t\000A\000u\000t\000h\000U\000r\000i\000\050\000\051}{subsection.7.28.1}% 220
\BOOKMARK [1][-]{section.7.29}{\376\377\0007\000.\0002\0009\000\040\000A\000r\000e\000a\000.\000M\000o\000d\000e\000l\000s\000.\000S\000p\000o\000t\000i\000f\000y\000M\000o\000d\000u\000l\000e\000\040\000C\000l\000a\000s\000s\000\040\000R\000e\000f\000e\000r\000e\000n\000c\000e}{chapter.7}% 221
\BOOKMARK [2][-]{subsection.7.29.1}{\376\377\0007\000.\0002\0009\000.\0001\000\040\000C\000o\000n\000s\000t\000r\000u\000c\000t\000o\000r\000\040\000\046\000\040\000D\000e\000s\000t\000r\000u\000c\000t\000o\000r\000\040\000D\000o\000c\000u\000m\000e\000n\000t\000a\000t\000i\000o\000n}{section.7.29}% 222
\BOOKMARK [3][-]{subsubsection.7.29.1.1}{\376\377\0007\000.\0002\0009\000.\0001\000.\0001\000\040\000S\000p\000o\000t\000i\000f\000y\000M\000o\000d\000u\000l\000e\000\050\000\051}{subsection.7.29.1}% 223
\BOOKMARK [2][-]{subsection.7.29.2}{\376\377\0007\000.\0002\0009\000.\0002\000\040\000M\000e\000m\000b\000e\000r\000\040\000F\000u\000n\000c\000t\000i\000o\000n\000\040\000D\000o\000c\000u\000m\000e\000n\000t\000a\000t\000i\000o\000n}{section.7.29}% 224
\BOOKMARK [3][-]{subsubsection.7.29.2.1}{\376\377\0007\000.\0002\0009\000.\0002\000.\0001\000\040\000A\000d\000d\000M\000u\000s\000i\000c\000P\000l\000a\000y\000l\000i\000s\000t\000\050\000\051}{subsection.7.29.2}% 225
\BOOKMARK [3][-]{subsubsection.7.29.2.2}{\376\377\0007\000.\0002\0009\000.\0002\000.\0002\000\040\000C\000r\000e\000a\000t\000e\000P\000l\000a\000y\000l\000i\000s\000t\000\050\000\051}{subsection.7.29.2}% 226
\BOOKMARK [3][-]{subsubsection.7.29.2.3}{\376\377\0007\000.\0002\0009\000.\0002\000.\0003\000\040\000g\000e\000t\000A\000c\000t\000i\000o\000n\000\050\000\051}{subsection.7.29.2}% 227
\BOOKMARK [3][-]{subsubsection.7.29.2.4}{\376\377\0007\000.\0002\0009\000.\0002\000.\0004\000\040\000g\000e\000t\000C\000u\000r\000r\000e\000n\000t\000M\000u\000s\000i\000c\000\050\000\051}{subsection.7.29.2}% 228
\BOOKMARK [3][-]{subsubsection.7.29.2.5}{\376\377\0007\000.\0002\0009\000.\0002\000.\0005\000\040\000P\000l\000a\000y\000A\000l\000b\000u\000m\000\050\000\051}{subsection.7.29.2}% 229
\BOOKMARK [3][-]{subsubsection.7.29.2.6}{\376\377\0007\000.\0002\0009\000.\0002\000.\0006\000\040\000P\000l\000a\000y\000A\000r\000t\000i\000s\000t\000\050\000\051}{subsection.7.29.2}% 230
\BOOKMARK [3][-]{subsubsection.7.29.2.7}{\376\377\0007\000.\0002\0009\000.\0002\000.\0007\000\040\000P\000l\000a\000y\000M\000u\000s\000i\000c\000\050\000\051}{subsection.7.29.2}% 231
\BOOKMARK [3][-]{subsubsection.7.29.2.8}{\376\377\0007\000.\0002\0009\000.\0002\000.\0008\000\040\000P\000l\000a\000y\000P\000l\000a\000y\000l\000i\000s\000t\000\050\000\051}{subsection.7.29.2}% 232
\BOOKMARK [3][-]{subsubsection.7.29.2.9}{\376\377\0007\000.\0002\0009\000.\0002\000.\0009\000\040\000p\000o\000s\000t\000R\000e\000a\000c\000t\000i\000o\000n\000\050\000\051}{subsection.7.29.2}% 233
\BOOKMARK [2][-]{subsection.7.29.3}{\376\377\0007\000.\0002\0009\000.\0003\000\040\000M\000e\000m\000b\000e\000r\000\040\000D\000a\000t\000a\000\040\000D\000o\000c\000u\000m\000e\000n\000t\000a\000t\000i\000o\000n}{section.7.29}% 234
\BOOKMARK [3][-]{subsubsection.7.29.3.1}{\376\377\0007\000.\0002\0009\000.\0003\000.\0001\000\040\000a\000c\000c\000e\000s\000s\000\137\000t\000o\000k\000e\000n}{subsection.7.29.3}% 235
\BOOKMARK [3][-]{subsubsection.7.29.3.2}{\376\377\0007\000.\0002\0009\000.\0003\000.\0002\000\040\000a\000c\000t\000i\000o\000n\000s}{subsection.7.29.3}% 236
\BOOKMARK [3][-]{subsubsection.7.29.3.3}{\376\377\0007\000.\0002\0009\000.\0003\000.\0003\000\040\000i\000n\000d\000e\000x}{subsection.7.29.3}% 237
\BOOKMARK [3][-]{subsubsection.7.29.3.4}{\376\377\0007\000.\0002\0009\000.\0003\000.\0004\000\040\000r\000e\000a\000c\000t\000i\000o\000n\000s}{subsection.7.29.3}% 238
\BOOKMARK [3][-]{subsubsection.7.29.3.5}{\376\377\0007\000.\0002\0009\000.\0003\000.\0005\000\040\000s\000p\000o\000t\000i\000f\000y}{subsection.7.29.3}% 239
\BOOKMARK [1][-]{section.7.30}{\376\377\0007\000.\0003\0000\000\040\000A\000r\000e\000a\000.\000M\000o\000d\000e\000l\000s\000.\000S\000p\000o\000t\000i\000f\000y\000T\000w\000i\000t\000t\000e\000r\000A\000r\000e\000a\000\040\000C\000l\000a\000s\000s\000\040\000R\000e\000f\000e\000r\000e\000n\000c\000e}{chapter.7}% 240
\BOOKMARK [2][-]{subsection.7.30.1}{\376\377\0007\000.\0003\0000\000.\0001\000\040\000C\000o\000n\000s\000t\000r\000u\000c\000t\000o\000r\000\040\000\046\000\040\000D\000e\000s\000t\000r\000u\000c\000t\000o\000r\000\040\000D\000o\000c\000u\000m\000e\000n\000t\000a\000t\000i\000o\000n}{section.7.30}% 241
\BOOKMARK [3][-]{subsubsection.7.30.1.1}{\376\377\0007\000.\0003\0000\000.\0001\000.\0001\000\040\000S\000p\000o\000t\000i\000f\000y\000T\000w\000i\000t\000t\000e\000r\000A\000r\000e\000a\000\050\000\051}{subsection.7.30.1}% 242
\BOOKMARK [2][-]{subsection.7.30.2}{\376\377\0007\000.\0003\0000\000.\0002\000\040\000M\000e\000m\000b\000e\000r\000\040\000F\000u\000n\000c\000t\000i\000o\000n\000\040\000D\000o\000c\000u\000m\000e\000n\000t\000a\000t\000i\000o\000n}{section.7.30}% 243
\BOOKMARK [3][-]{subsubsection.7.30.2.1}{\376\377\0007\000.\0003\0000\000.\0002\000.\0001\000\040\000i\000s\000A\000v\000a\000i\000l\000a\000b\000l\000e\000\050\000\051}{subsection.7.30.2}% 244
\BOOKMARK [3][-]{subsubsection.7.30.2.2}{\376\377\0007\000.\0003\0000\000.\0002\000.\0002\000\040\000r\000u\000n\000\050\000\051}{subsection.7.30.2}% 245
\BOOKMARK [2][-]{subsection.7.30.3}{\376\377\0007\000.\0003\0000\000.\0003\000\040\000M\000e\000m\000b\000e\000r\000\040\000D\000a\000t\000a\000\040\000D\000o\000c\000u\000m\000e\000n\000t\000a\000t\000i\000o\000n}{section.7.30}% 246
\BOOKMARK [3][-]{subsubsection.7.30.3.1}{\376\377\0007\000.\0003\0000\000.\0003\000.\0001\000\040\000a\000r\000e\000a}{subsection.7.30.3}% 247
\BOOKMARK [3][-]{subsubsection.7.30.3.2}{\376\377\0007\000.\0003\0000\000.\0003\000.\0002\000\040\000l\000a\000s\000t\000\137\000e\000v\000e\000n\000t}{subsection.7.30.3}% 248
\BOOKMARK [3][-]{subsubsection.7.30.3.3}{\376\377\0007\000.\0003\0000\000.\0003\000.\0003\000\040\000s\000p\000o\000t\000i\000f\000y}{subsection.7.30.3}% 249
\BOOKMARK [3][-]{subsubsection.7.30.3.4}{\376\377\0007\000.\0003\0000\000.\0003\000.\0004\000\040\000s\000p\000o\000t\000i\000f\000y\000T\000o\000k\000e\000n}{subsection.7.30.3}% 250
\BOOKMARK [3][-]{subsubsection.7.30.3.5}{\376\377\0007\000.\0003\0000\000.\0003\000.\0005\000\040\000t\000w\000i\000t\000t\000e\000r}{subsection.7.30.3}% 251
\BOOKMARK [3][-]{subsubsection.7.30.3.6}{\376\377\0007\000.\0003\0000\000.\0003\000.\0006\000\040\000t\000w\000i\000t\000t\000e\000r\000T\000o\000k\000e\000n}{subsection.7.30.3}% 252
\BOOKMARK [3][-]{subsubsection.7.30.3.7}{\376\377\0007\000.\0003\0000\000.\0003\000.\0007\000\040\000t\000w\000i\000t\000t\000e\000r\000T\000o\000k\000e\000n\000S\000e\000c\000r\000e\000t}{subsection.7.30.3}% 253
\BOOKMARK [3][-]{subsubsection.7.30.3.8}{\376\377\0007\000.\0003\0000\000.\0003\000.\0008\000\040\000u\000s\000e\000r\000n\000a\000m\000e}{subsection.7.30.3}% 254
\BOOKMARK [1][-]{section.7.31}{\376\377\0007\000.\0003\0001\000\040\000A\000r\000e\000a\000.\000C\000o\000n\000t\000r\000o\000l\000l\000e\000r\000s\000.\000S\000p\000o\000t\000i\000f\000y\000T\000w\000i\000t\000t\000e\000r\000A\000r\000e\000a\000C\000o\000n\000t\000r\000o\000l\000l\000e\000r\000\040\000C\000l\000a\000s\000s\000\040\000R\000e\000f\000e\000r\000e\000n\000c\000e}{chapter.7}% 255
\BOOKMARK [2][-]{subsection.7.31.1}{\376\377\0007\000.\0003\0001\000.\0001\000\040\000M\000e\000m\000b\000e\000r\000\040\000F\000u\000n\000c\000t\000i\000o\000n\000\040\000D\000o\000c\000u\000m\000e\000n\000t\000a\000t\000i\000o\000n}{section.7.31}% 256
\BOOKMARK [3][-]{subsubsection.7.31.1.1}{\376\377\0007\000.\0003\0001\000.\0001\000.\0001\000\040\000S\000p\000o\000t\000i\000f\000y\000T\000w\000i\000t\000t\000e\000r\000A\000r\000e\000a\000C\000r\000e\000a\000t\000i\000o\000n\000\050\000\051}{subsection.7.31.1}% 257
\BOOKMARK [3][-]{subsubsection.7.31.1.2}{\376\377\0007\000.\0003\0001\000.\0001\000.\0002\000\040\000S\000p\000o\000t\000i\000f\000y\000T\000w\000i\000t\000t\000e\000r\000A\000r\000e\000a\000D\000e\000l\000e\000t\000i\000o\000n\000\050\000\051}{subsection.7.31.1}% 258
\BOOKMARK [1][-]{section.7.32}{\376\377\0007\000.\0003\0002\000\040\000A\000r\000e\000a\000.\000S\000t\000a\000r\000t\000u\000p\000\040\000C\000l\000a\000s\000s\000\040\000R\000e\000f\000e\000r\000e\000n\000c\000e}{chapter.7}% 259
\BOOKMARK [2][-]{subsection.7.32.1}{\376\377\0007\000.\0003\0002\000.\0001\000\040\000C\000o\000n\000s\000t\000r\000u\000c\000t\000o\000r\000\040\000\046\000\040\000D\000e\000s\000t\000r\000u\000c\000t\000o\000r\000\040\000D\000o\000c\000u\000m\000e\000n\000t\000a\000t\000i\000o\000n}{section.7.32}% 260
\BOOKMARK [3][-]{subsubsection.7.32.1.1}{\376\377\0007\000.\0003\0002\000.\0001\000.\0001\000\040\000S\000t\000a\000r\000t\000u\000p\000\050\000\051}{subsection.7.32.1}% 261
\BOOKMARK [2][-]{subsection.7.32.2}{\376\377\0007\000.\0003\0002\000.\0002\000\040\000M\000e\000m\000b\000e\000r\000\040\000F\000u\000n\000c\000t\000i\000o\000n\000\040\000D\000o\000c\000u\000m\000e\000n\000t\000a\000t\000i\000o\000n}{section.7.32}% 262
\BOOKMARK [3][-]{subsubsection.7.32.2.1}{\376\377\0007\000.\0003\0002\000.\0002\000.\0001\000\040\000C\000o\000n\000f\000i\000g\000u\000r\000e\000\050\000\051}{subsection.7.32.2}% 263
\BOOKMARK [3][-]{subsubsection.7.32.2.2}{\376\377\0007\000.\0003\0002\000.\0002\000.\0002\000\040\000C\000o\000n\000f\000i\000g\000u\000r\000e\000S\000e\000r\000v\000i\000c\000e\000s\000\050\000\051}{subsection.7.32.2}% 264
\BOOKMARK [3][-]{subsubsection.7.32.2.3}{\376\377\0007\000.\0003\0002\000.\0002\000.\0003\000\040\000r\000u\000n\000A\000r\000e\000a\000s\000\050\000\051}{subsection.7.32.2}% 265
\BOOKMARK [2][-]{subsection.7.32.3}{\376\377\0007\000.\0003\0002\000.\0003\000\040\000P\000r\000o\000p\000e\000r\000t\000y\000\040\000D\000o\000c\000u\000m\000e\000n\000t\000a\000t\000i\000o\000n}{section.7.32}% 266
\BOOKMARK [3][-]{subsubsection.7.32.3.1}{\376\377\0007\000.\0003\0002\000.\0003\000.\0001\000\040\000C\000o\000n\000f\000i\000g\000u\000r\000a\000t\000i\000o\000n}{subsection.7.32.3}% 267
\BOOKMARK [1][-]{section.7.33}{\376\377\0007\000.\0003\0003\000\040\000A\000r\000e\000a\000.\000M\000o\000d\000e\000l\000s\000.\000T\000o\000k\000e\000n\000\040\000C\000l\000a\000s\000s\000\040\000R\000e\000f\000e\000r\000e\000n\000c\000e}{chapter.7}% 268
\BOOKMARK [2][-]{subsection.7.33.1}{\376\377\0007\000.\0003\0003\000.\0001\000\040\000P\000r\000o\000p\000e\000r\000t\000y\000\040\000D\000o\000c\000u\000m\000e\000n\000t\000a\000t\000i\000o\000n}{section.7.33}% 269
\BOOKMARK [3][-]{subsubsection.7.33.1.1}{\376\377\0007\000.\0003\0003\000.\0001\000.\0001\000\040\000i\000d}{subsection.7.33.1}% 270
\BOOKMARK [3][-]{subsubsection.7.33.1.2}{\376\377\0007\000.\0003\0003\000.\0001\000.\0002\000\040\000t\000y\000p\000e}{subsection.7.33.1}% 271
\BOOKMARK [3][-]{subsubsection.7.33.1.3}{\376\377\0007\000.\0003\0003\000.\0001\000.\0003\000\040\000u\000s\000e\000r\000n\000a\000m\000e}{subsection.7.33.1}% 272
\BOOKMARK [3][-]{subsubsection.7.33.1.4}{\376\377\0007\000.\0003\0003\000.\0001\000.\0004\000\040\000v\000a\000l\000u\000e}{subsection.7.33.1}% 273
\BOOKMARK [1][-]{section.7.34}{\376\377\0007\000.\0003\0004\000\040\000A\000r\000e\000a\000.\000C\000o\000n\000t\000r\000o\000l\000l\000e\000r\000s\000.\000T\000w\000i\000t\000t\000e\000r\000C\000o\000n\000t\000r\000o\000l\000l\000e\000r\000\040\000C\000l\000a\000s\000s\000\040\000R\000e\000f\000e\000r\000e\000n\000c\000e}{chapter.7}% 274
\BOOKMARK [2][-]{subsection.7.34.1}{\376\377\0007\000.\0003\0004\000.\0001\000\040\000M\000e\000m\000b\000e\000r\000\040\000F\000u\000n\000c\000t\000i\000o\000n\000\040\000D\000o\000c\000u\000m\000e\000n\000t\000a\000t\000i\000o\000n}{section.7.34}% 275
\BOOKMARK [3][-]{subsubsection.7.34.1.1}{\376\377\0007\000.\0003\0004\000.\0001\000.\0001\000\040\000T\000w\000i\000t\000t\000e\000r\000A\000u\000t\000h\000\050\000\051}{subsection.7.34.1}% 276
\BOOKMARK [3][-]{subsubsection.7.34.1.2}{\376\377\0007\000.\0003\0004\000.\0001\000.\0002\000\040\000T\000w\000i\000t\000t\000e\000r\000C\000a\000l\000l\000b\000a\000c\000k\000\050\000\051}{subsection.7.34.1}% 277
\BOOKMARK [1][-]{section.7.35}{\376\377\0007\000.\0003\0005\000\040\000A\000r\000e\000a\000.\000M\000o\000d\000e\000l\000s\000.\000T\000w\000i\000t\000t\000e\000r\000M\000o\000d\000u\000l\000e\000\040\000C\000l\000a\000s\000s\000\040\000R\000e\000f\000e\000r\000e\000n\000c\000e}{chapter.7}% 278
\BOOKMARK [2][-]{subsection.7.35.1}{\376\377\0007\000.\0003\0005\000.\0001\000\040\000C\000o\000n\000s\000t\000r\000u\000c\000t\000o\000r\000\040\000\046\000\040\000D\000e\000s\000t\000r\000u\000c\000t\000o\000r\000\040\000D\000o\000c\000u\000m\000e\000n\000t\000a\000t\000i\000o\000n}{section.7.35}% 279
\BOOKMARK [3][-]{subsubsection.7.35.1.1}{\376\377\0007\000.\0003\0005\000.\0001\000.\0001\000\040\000T\000w\000i\000t\000t\000e\000r\000M\000o\000d\000u\000l\000e\000\050\000\051}{subsection.7.35.1}% 280
\BOOKMARK [2][-]{subsection.7.35.2}{\376\377\0007\000.\0003\0005\000.\0002\000\040\000M\000e\000m\000b\000e\000r\000\040\000F\000u\000n\000c\000t\000i\000o\000n\000\040\000D\000o\000c\000u\000m\000e\000n\000t\000a\000t\000i\000o\000n}{section.7.35}% 281
\BOOKMARK [3][-]{subsubsection.7.35.2.1}{\376\377\0007\000.\0003\0005\000.\0002\000.\0001\000\040\000g\000e\000t\000A\000c\000t\000i\000o\000n\000\050\000\051}{subsection.7.35.2}% 282
\BOOKMARK [3][-]{subsubsection.7.35.2.2}{\376\377\0007\000.\0003\0005\000.\0002\000.\0002\000\040\000G\000e\000t\000L\000a\000s\000t\000H\000a\000s\000h\000T\000a\000g\000\050\000\051}{subsection.7.35.2}% 283
\BOOKMARK [3][-]{subsubsection.7.35.2.3}{\376\377\0007\000.\0003\0005\000.\0002\000.\0003\000\040\000G\000e\000t\000M\000y\000L\000a\000s\000t\000T\000w\000e\000e\000t\000\050\000\051}{subsection.7.35.2}% 284
\BOOKMARK [3][-]{subsubsection.7.35.2.4}{\376\377\0007\000.\0003\0005\000.\0002\000.\0004\000\040\000p\000o\000s\000t\000R\000e\000a\000c\000t\000i\000o\000n\000\050\000\051}{subsection.7.35.2}% 285
\BOOKMARK [3][-]{subsubsection.7.35.2.5}{\376\377\0007\000.\0003\0005\000.\0002\000.\0005\000\040\000P\000o\000s\000t\000T\000w\000e\000e\000t\000\050\000\051}{subsection.7.35.2}% 286
\BOOKMARK [2][-]{subsection.7.35.3}{\376\377\0007\000.\0003\0005\000.\0003\000\040\000M\000e\000m\000b\000e\000r\000\040\000D\000a\000t\000a\000\040\000D\000o\000c\000u\000m\000e\000n\000t\000a\000t\000i\000o\000n}{section.7.35}% 287
\BOOKMARK [3][-]{subsubsection.7.35.3.1}{\376\377\0007\000.\0003\0005\000.\0003\000.\0001\000\040\000a\000c\000c\000e\000s\000s\000\137\000t\000o\000k\000e\000n}{subsection.7.35.3}% 288
\BOOKMARK [3][-]{subsubsection.7.35.3.2}{\376\377\0007\000.\0003\0005\000.\0003\000.\0002\000\040\000a\000c\000t\000i\000o\000n\000s}{subsection.7.35.3}% 289
\BOOKMARK [3][-]{subsubsection.7.35.3.3}{\376\377\0007\000.\0003\0005\000.\0003\000.\0003\000\040\000i\000n\000d\000e\000x}{subsection.7.35.3}% 290
\BOOKMARK [3][-]{subsubsection.7.35.3.4}{\376\377\0007\000.\0003\0005\000.\0003\000.\0004\000\040\000r\000e\000a\000c\000t\000i\000o\000n\000s}{subsection.7.35.3}% 291
\BOOKMARK [3][-]{subsubsection.7.35.3.5}{\376\377\0007\000.\0003\0005\000.\0003\000.\0005\000\040\000s\000e\000c\000r\000e\000t\000\137\000t\000o\000k\000e\000n}{subsection.7.35.3}% 292
\BOOKMARK [3][-]{subsubsection.7.35.3.6}{\376\377\0007\000.\0003\0005\000.\0003\000.\0006\000\040\000t\000w\000i\000t\000t\000e\000r}{subsection.7.35.3}% 293
\BOOKMARK [1][-]{section.7.36}{\376\377\0007\000.\0003\0006\000\040\000A\000r\000e\000a\000.\000M\000o\000d\000e\000l\000s\000.\000T\000w\000i\000t\000t\000e\000r\000S\000p\000o\000t\000i\000f\000y\000A\000r\000e\000a\000\040\000C\000l\000a\000s\000s\000\040\000R\000e\000f\000e\000r\000e\000n\000c\000e}{chapter.7}% 294
\BOOKMARK [2][-]{subsection.7.36.1}{\376\377\0007\000.\0003\0006\000.\0001\000\040\000C\000o\000n\000s\000t\000r\000u\000c\000t\000o\000r\000\040\000\046\000\040\000D\000e\000s\000t\000r\000u\000c\000t\000o\000r\000\040\000D\000o\000c\000u\000m\000e\000n\000t\000a\000t\000i\000o\000n}{section.7.36}% 295
\BOOKMARK [3][-]{subsubsection.7.36.1.1}{\376\377\0007\000.\0003\0006\000.\0001\000.\0001\000\040\000T\000w\000i\000t\000t\000e\000r\000S\000p\000o\000t\000i\000f\000y\000A\000r\000e\000a\000\050\000\051}{subsection.7.36.1}% 296
\BOOKMARK [2][-]{subsection.7.36.2}{\376\377\0007\000.\0003\0006\000.\0002\000\040\000M\000e\000m\000b\000e\000r\000\040\000F\000u\000n\000c\000t\000i\000o\000n\000\040\000D\000o\000c\000u\000m\000e\000n\000t\000a\000t\000i\000o\000n}{section.7.36}% 297
\BOOKMARK [3][-]{subsubsection.7.36.2.1}{\376\377\0007\000.\0003\0006\000.\0002\000.\0001\000\040\000i\000s\000A\000v\000a\000i\000l\000a\000b\000l\000e\000\050\000\051}{subsection.7.36.2}% 298
\BOOKMARK [3][-]{subsubsection.7.36.2.2}{\376\377\0007\000.\0003\0006\000.\0002\000.\0002\000\040\000r\000u\000n\000\050\000\051}{subsection.7.36.2}% 299
\BOOKMARK [2][-]{subsection.7.36.3}{\376\377\0007\000.\0003\0006\000.\0003\000\040\000M\000e\000m\000b\000e\000r\000\040\000D\000a\000t\000a\000\040\000D\000o\000c\000u\000m\000e\000n\000t\000a\000t\000i\000o\000n}{section.7.36}% 300
\BOOKMARK [3][-]{subsubsection.7.36.3.1}{\376\377\0007\000.\0003\0006\000.\0003\000.\0001\000\040\000a\000r\000e\000a}{subsection.7.36.3}% 301
\BOOKMARK [3][-]{subsubsection.7.36.3.2}{\376\377\0007\000.\0003\0006\000.\0003\000.\0002\000\040\000l\000a\000s\000t\000\137\000e\000v\000e\000n\000t}{subsection.7.36.3}% 302
\BOOKMARK [3][-]{subsubsection.7.36.3.3}{\376\377\0007\000.\0003\0006\000.\0003\000.\0003\000\040\000s\000p\000o\000t\000i\000f\000y}{subsection.7.36.3}% 303
\BOOKMARK [3][-]{subsubsection.7.36.3.4}{\376\377\0007\000.\0003\0006\000.\0003\000.\0004\000\040\000s\000p\000o\000t\000i\000f\000y\000T\000o\000k\000e\000n}{subsection.7.36.3}% 304
\BOOKMARK [3][-]{subsubsection.7.36.3.5}{\376\377\0007\000.\0003\0006\000.\0003\000.\0005\000\040\000t\000w\000i\000t\000t\000e\000r}{subsection.7.36.3}% 305
\BOOKMARK [3][-]{subsubsection.7.36.3.6}{\376\377\0007\000.\0003\0006\000.\0003\000.\0006\000\040\000t\000w\000i\000t\000t\000e\000r\000T\000o\000k\000e\000n}{subsection.7.36.3}% 306
\BOOKMARK [3][-]{subsubsection.7.36.3.7}{\376\377\0007\000.\0003\0006\000.\0003\000.\0007\000\040\000t\000w\000i\000t\000t\000e\000r\000T\000o\000k\000e\000n\000S\000e\000c\000r\000e\000t}{subsection.7.36.3}% 307
\BOOKMARK [3][-]{subsubsection.7.36.3.8}{\376\377\0007\000.\0003\0006\000.\0003\000.\0008\000\040\000u\000s\000e\000r\000n\000a\000m\000e}{subsection.7.36.3}% 308
\BOOKMARK [1][-]{section.7.37}{\376\377\0007\000.\0003\0007\000\040\000A\000r\000e\000a\000.\000C\000o\000n\000t\000r\000o\000l\000l\000e\000r\000s\000.\000T\000w\000i\000t\000t\000e\000r\000S\000p\000o\000t\000i\000f\000y\000A\000r\000e\000a\000C\000o\000n\000t\000r\000o\000l\000l\000e\000r\000\040\000C\000l\000a\000s\000s\000\040\000R\000e\000f\000e\000r\000e\000n\000c\000e}{chapter.7}% 309
\BOOKMARK [2][-]{subsection.7.37.1}{\376\377\0007\000.\0003\0007\000.\0001\000\040\000M\000e\000m\000b\000e\000r\000\040\000F\000u\000n\000c\000t\000i\000o\000n\000\040\000D\000o\000c\000u\000m\000e\000n\000t\000a\000t\000i\000o\000n}{section.7.37}% 310
\BOOKMARK [3][-]{subsubsection.7.37.1.1}{\376\377\0007\000.\0003\0007\000.\0001\000.\0001\000\040\000T\000w\000i\000t\000t\000e\000r\000S\000p\000o\000t\000i\000f\000y\000A\000r\000e\000a\000C\000r\000e\000a\000t\000i\000o\000n\000\050\000\051}{subsection.7.37.1}% 311
\BOOKMARK [3][-]{subsubsection.7.37.1.2}{\376\377\0007\000.\0003\0007\000.\0001\000.\0002\000\040\000T\000w\000i\000t\000t\000e\000r\000S\000p\000o\000t\000i\000f\000y\000A\000r\000e\000a\000D\000e\000l\000e\000t\000i\000o\000n\000\050\000\051}{subsection.7.37.1}% 312
\BOOKMARK [1][-]{section.7.38}{\376\377\0007\000.\0003\0008\000\040\000A\000r\000e\000a\000.\000M\000o\000d\000e\000l\000s\000.\000U\000s\000e\000r\000\040\000C\000l\000a\000s\000s\000\040\000R\000e\000f\000e\000r\000e\000n\000c\000e}{chapter.7}% 313
\BOOKMARK [2][-]{subsection.7.38.1}{\376\377\0007\000.\0003\0008\000.\0001\000\040\000P\000r\000o\000p\000e\000r\000t\000y\000\040\000D\000o\000c\000u\000m\000e\000n\000t\000a\000t\000i\000o\000n}{section.7.38}% 314
\BOOKMARK [3][-]{subsubsection.7.38.1.1}{\376\377\0007\000.\0003\0008\000.\0001\000.\0001\000\040\000e\000m\000a\000i\000l}{subsection.7.38.1}% 315
\BOOKMARK [3][-]{subsubsection.7.38.1.2}{\376\377\0007\000.\0003\0008\000.\0001\000.\0002\000\040\000e\000n\000a\000b\000l\000e\000d}{subsection.7.38.1}% 316
\BOOKMARK [3][-]{subsubsection.7.38.1.3}{\376\377\0007\000.\0003\0008\000.\0001\000.\0003\000\040\000i\000d}{subsection.7.38.1}% 317
\BOOKMARK [3][-]{subsubsection.7.38.1.4}{\376\377\0007\000.\0003\0008\000.\0001\000.\0004\000\040\000p\000a\000s\000s\000w\000o\000r\000d}{subsection.7.38.1}% 318
\BOOKMARK [3][-]{subsubsection.7.38.1.5}{\376\377\0007\000.\0003\0008\000.\0001\000.\0005\000\040\000u\000s\000e\000r\000n\000a\000m\000e}{subsection.7.38.1}% 319
\BOOKMARK [1][-]{section.7.39}{\376\377\0007\000.\0003\0009\000\040\000A\000r\000e\000a\000.\000M\000o\000d\000e\000l\000s\000.\000U\000s\000e\000r\000\137\000r\000o\000l\000e\000\040\000C\000l\000a\000s\000s\000\040\000R\000e\000f\000e\000r\000e\000n\000c\000e}{chapter.7}% 320
\BOOKMARK [2][-]{subsection.7.39.1}{\376\377\0007\000.\0003\0009\000.\0001\000\040\000P\000r\000o\000p\000e\000r\000t\000y\000\040\000D\000o\000c\000u\000m\000e\000n\000t\000a\000t\000i\000o\000n}{section.7.39}% 321
\BOOKMARK [3][-]{subsubsection.7.39.1.1}{\376\377\0007\000.\0003\0009\000.\0001\000.\0001\000\040\000f\000k\000\137\000u\000s\000e\000r\000\137\000i\000d}{subsection.7.39.1}% 322
\BOOKMARK [3][-]{subsubsection.7.39.1.2}{\376\377\0007\000.\0003\0009\000.\0001\000.\0002\000\040\000i\000d}{subsection.7.39.1}% 323
\BOOKMARK [3][-]{subsubsection.7.39.1.3}{\376\377\0007\000.\0003\0009\000.\0001\000.\0003\000\040\000r\000o\000l\000e}{subsection.7.39.1}% 324
\BOOKMARK [1][-]{section.7.40}{\376\377\0007\000.\0004\0000\000\040\000A\000r\000e\000a\000.\000M\000o\000d\000e\000l\000s\000.\000W\000o\000W\000C\000h\000a\000r\000a\000c\000t\000e\000r\000L\000i\000s\000t\000\040\000C\000l\000a\000s\000s\000\040\000R\000e\000f\000e\000r\000e\000n\000c\000e}{chapter.7}% 325
\BOOKMARK [2][-]{subsection.7.40.1}{\376\377\0007\000.\0004\0000\000.\0001\000\040\000M\000e\000m\000b\000e\000r\000\040\000D\000a\000t\000a\000\040\000D\000o\000c\000u\000m\000e\000n\000t\000a\000t\000i\000o\000n}{section.7.40}% 326
\BOOKMARK [3][-]{subsubsection.7.40.1.1}{\376\377\0007\000.\0004\0000\000.\0001\000.\0001\000\040\000c\000h\000a\000r\000a\000c\000t\000e\000r\000s}{subsection.7.40.1}% 327
\BOOKMARK [1][-]{section.7.41}{\376\377\0007\000.\0004\0001\000\040\000A\000r\000e\000a\000.\000M\000o\000d\000e\000l\000s\000.\000W\000o\000W\000C\000h\000a\000r\000a\000c\000t\000e\000r\000M\000o\000d\000e\000l\000\040\000C\000l\000a\000s\000s\000\040\000R\000e\000f\000e\000r\000e\000n\000c\000e}{chapter.7}% 328
\BOOKMARK [2][-]{subsection.7.41.1}{\376\377\0007\000.\0004\0001\000.\0001\000\040\000P\000r\000o\000p\000e\000r\000t\000y\000\040\000D\000o\000c\000u\000m\000e\000n\000t\000a\000t\000i\000o\000n}{section.7.41}% 329
\BOOKMARK [3][-]{subsubsection.7.41.1.1}{\376\377\0007\000.\0004\0001\000.\0001\000.\0001\000\040\000a\000c\000h\000i\000e\000v\000e\000m\000e\000n\000t\000P\000o\000i\000n\000t\000s}{subsection.7.41.1}% 330
\BOOKMARK [3][-]{subsubsection.7.41.1.2}{\376\377\0007\000.\0004\0001\000.\0001\000.\0002\000\040\000d\000e\000a\000t\000h\000s}{subsection.7.41.1}% 331
\BOOKMARK [3][-]{subsubsection.7.41.1.3}{\376\377\0007\000.\0004\0001\000.\0001\000.\0003\000\040\000f\000a\000c\000e\000p\000a\000l\000m\000e\000d}{subsection.7.41.1}% 332
\BOOKMARK [3][-]{subsubsection.7.41.1.4}{\376\377\0007\000.\0004\0001\000.\0001\000.\0004\000\040\000f\000i\000s\000h\000C\000a\000u\000g\000h\000t}{subsection.7.41.1}% 333
\BOOKMARK [3][-]{subsubsection.7.41.1.5}{\376\377\0007\000.\0004\0001\000.\0001\000.\0005\000\040\000g\000u\000i\000l\000d}{subsection.7.41.1}% 334
\BOOKMARK [3][-]{subsubsection.7.41.1.6}{\376\377\0007\000.\0004\0001\000.\0001\000.\0006\000\040\000i\000d}{subsection.7.41.1}% 335
\BOOKMARK [3][-]{subsubsection.7.41.1.7}{\376\377\0007\000.\0004\0001\000.\0001\000.\0007\000\040\000l\000a\000s\000t\000M\000o\000d\000i\000f\000i\000e\000d}{subsection.7.41.1}% 336
\BOOKMARK [3][-]{subsubsection.7.41.1.8}{\376\377\0007\000.\0004\0001\000.\0001\000.\0008\000\040\000l\000e\000v\000e\000l}{subsection.7.41.1}% 337
\BOOKMARK [3][-]{subsubsection.7.41.1.9}{\376\377\0007\000.\0004\0001\000.\0001\000.\0009\000\040\000n\000a\000m\000e}{subsection.7.41.1}% 338
\BOOKMARK [3][-]{subsubsection.7.41.1.10}{\376\377\0007\000.\0004\0001\000.\0001\000.\0001\0000\000\040\000q\000u\000e\000s\000t\000s\000D\000o\000n\000e}{subsection.7.41.1}% 339
\BOOKMARK [3][-]{subsubsection.7.41.1.11}{\376\377\0007\000.\0004\0001\000.\0001\000.\0001\0001\000\040\000r\000e\000a\000l\000m}{subsection.7.41.1}% 340
\BOOKMARK [3][-]{subsubsection.7.41.1.12}{\376\377\0007\000.\0004\0001\000.\0001\000.\0001\0002\000\040\000u\000s\000e\000r\000n\000a\000m\000e}{subsection.7.41.1}% 341
\BOOKMARK [1][-]{section.7.42}{\376\377\0007\000.\0004\0002\000\040\000A\000r\000e\000a\000.\000C\000o\000n\000t\000r\000o\000l\000l\000e\000r\000s\000.\000W\000o\000W\000C\000o\000n\000t\000r\000o\000l\000l\000e\000r\000\040\000C\000l\000a\000s\000s\000\040\000R\000e\000f\000e\000r\000e\000n\000c\000e}{chapter.7}% 342
\BOOKMARK [2][-]{subsection.7.42.1}{\376\377\0007\000.\0004\0002\000.\0001\000\040\000M\000e\000m\000b\000e\000r\000\040\000F\000u\000n\000c\000t\000i\000o\000n\000\040\000D\000o\000c\000u\000m\000e\000n\000t\000a\000t\000i\000o\000n}{section.7.42}% 343
\BOOKMARK [3][-]{subsubsection.7.42.1.1}{\376\377\0007\000.\0004\0002\000.\0001\000.\0001\000\040\000W\000o\000W\000A\000u\000t\000h\000o\000r\000i\000z\000e\000d\000\050\000\051}{subsection.7.42.1}% 344
\BOOKMARK [3][-]{subsubsection.7.42.1.2}{\376\377\0007\000.\0004\0002\000.\0001\000.\0002\000\040\000W\000o\000W\000C\000o\000n\000n\000e\000c\000t\000i\000o\000n\000\050\000\051}{subsection.7.42.1}% 345
\BOOKMARK [3][-]{subsubsection.7.42.1.3}{\376\377\0007\000.\0004\0002\000.\0001\000.\0003\000\040\000W\000o\000W\000P\000r\000o\000f\000i\000l\000e\000I\000n\000f\000o\000\050\000\051}{subsection.7.42.1}% 346
\BOOKMARK [3][-]{subsubsection.7.42.1.4}{\376\377\0007\000.\0004\0002\000.\0001\000.\0004\000\040\000W\000o\000W\000T\000e\000s\000t\000V\000i\000e\000w\000\050\000\051}{subsection.7.42.1}% 347
\BOOKMARK [1][-]{section.7.43}{\376\377\0007\000.\0004\0003\000\040\000A\000r\000e\000a\000.\000M\000o\000d\000e\000l\000s\000.\000W\000o\000W\000M\000o\000d\000u\000l\000e\000M\000o\000d\000e\000l\000\040\000C\000l\000a\000s\000s\000\040\000R\000e\000f\000e\000r\000e\000n\000c\000e}{chapter.7}% 348
\BOOKMARK [2][-]{subsection.7.43.1}{\376\377\0007\000.\0004\0003\000.\0001\000\040\000C\000o\000n\000s\000t\000r\000u\000c\000t\000o\000r\000\040\000\046\000\040\000D\000e\000s\000t\000r\000u\000c\000t\000o\000r\000\040\000D\000o\000c\000u\000m\000e\000n\000t\000a\000t\000i\000o\000n}{section.7.43}% 349
\BOOKMARK [3][-]{subsubsection.7.43.1.1}{\376\377\0007\000.\0004\0003\000.\0001\000.\0001\000\040\000W\000o\000W\000M\000o\000d\000u\000l\000e\000M\000o\000d\000e\000l\000\050\000\051}{subsection.7.43.1}% 350
\BOOKMARK [2][-]{subsection.7.43.2}{\376\377\0007\000.\0004\0003\000.\0002\000\040\000M\000e\000m\000b\000e\000r\000\040\000F\000u\000n\000c\000t\000i\000o\000n\000\040\000D\000o\000c\000u\000m\000e\000n\000t\000a\000t\000i\000o\000n}{section.7.43}% 351
\BOOKMARK [3][-]{subsubsection.7.43.2.1}{\376\377\0007\000.\0004\0003\000.\0002\000.\0001\000\040\000a\000l\000r\000e\000a\000d\000y\000E\000x\000i\000s\000t\000s\000\050\000\051}{subsection.7.43.2}% 352
\BOOKMARK [3][-]{subsubsection.7.43.2.2}{\376\377\0007\000.\0004\0003\000.\0002\000.\0002\000\040\000c\000h\000e\000c\000k\000A\000n\000d\000U\000p\000d\000a\000t\000e\000C\000h\000a\000r\000a\000c\000t\000e\000r\000\050\000\051}{subsection.7.43.2}% 353
\BOOKMARK [3][-]{subsubsection.7.43.2.3}{\376\377\0007\000.\0004\0003\000.\0002\000.\0003\000\040\000f\000i\000n\000d\000C\000h\000a\000r\000a\000c\000t\000e\000r\000M\000o\000d\000e\000l\000\050\000\051}{subsection.7.43.2}% 354
\BOOKMARK [3][-]{subsubsection.7.43.2.4}{\376\377\0007\000.\0004\0003\000.\0002\000.\0004\000\040\000g\000e\000t\000A\000c\000c\000e\000s\000s\000T\000o\000k\000e\000n\000\050\000\051}{subsection.7.43.2}% 355
\BOOKMARK [3][-]{subsubsection.7.43.2.5}{\376\377\0007\000.\0004\0003\000.\0002\000.\0005\000\040\000g\000e\000t\000A\000c\000t\000i\000o\000n\000\050\000\051}{subsection.7.43.2}% 356
\BOOKMARK [3][-]{subsubsection.7.43.2.6}{\376\377\0007\000.\0004\0003\000.\0002\000.\0006\000\040\000g\000e\000t\000A\000l\000l\000I\000n\000f\000o\000s\000\050\000\051}{subsection.7.43.2}% 357
\BOOKMARK [3][-]{subsubsection.7.43.2.7}{\376\377\0007\000.\0004\0003\000.\0002\000.\0007\000\040\000g\000e\000t\000C\000h\000a\000r\000a\000c\000t\000e\000r\000A\000c\000t\000i\000o\000n\000\050\000\051}{subsection.7.43.2}% 358
\BOOKMARK [3][-]{subsubsection.7.43.2.8}{\376\377\0007\000.\0004\0003\000.\0002\000.\0008\000\040\000g\000e\000t\000C\000h\000a\000r\000a\000c\000t\000e\000r\000s\000\050\000\051}{subsection.7.43.2}% 359
\BOOKMARK [3][-]{subsubsection.7.43.2.9}{\376\377\0007\000.\0004\0003\000.\0002\000.\0009\000\040\000g\000e\000t\000C\000u\000r\000r\000e\000n\000t\000C\000h\000a\000r\000a\000c\000t\000e\000r\000S\000t\000a\000t\000\050\000\051}{subsection.7.43.2}% 360
\BOOKMARK [3][-]{subsubsection.7.43.2.10}{\376\377\0007\000.\0004\0003\000.\0002\000.\0001\0000\000\040\000g\000e\000t\000D\000e\000a\000t\000h\000s\000\050\000\051}{subsection.7.43.2}% 361
\BOOKMARK [3][-]{subsubsection.7.43.2.11}{\376\377\0007\000.\0004\0003\000.\0002\000.\0001\0001\000\040\000g\000e\000t\000F\000a\000c\000e\000p\000a\000l\000m\000e\000d\000\050\000\051}{subsection.7.43.2}% 362
\BOOKMARK [3][-]{subsubsection.7.43.2.12}{\376\377\0007\000.\0004\0003\000.\0002\000.\0001\0002\000\040\000g\000e\000t\000F\000i\000s\000h\000C\000a\000u\000g\000h\000t\000\050\000\051}{subsection.7.43.2}% 363
\BOOKMARK [3][-]{subsubsection.7.43.2.13}{\376\377\0007\000.\0004\0003\000.\0002\000.\0001\0003\000\040\000g\000e\000t\000I\000n\000d\000e\000x\000\050\000\051}{subsection.7.43.2}% 364
\BOOKMARK [3][-]{subsubsection.7.43.2.14}{\376\377\0007\000.\0004\0003\000.\0002\000.\0001\0004\000\040\000g\000e\000t\000L\000e\000v\000e\000l\000\050\000\051}{subsection.7.43.2}% 365
\BOOKMARK [3][-]{subsubsection.7.43.2.15}{\376\377\0007\000.\0004\0003\000.\0002\000.\0001\0005\000\040\000g\000e\000t\000N\000e\000w\000C\000h\000a\000r\000a\000c\000t\000e\000r\000S\000t\000a\000t\000\050\000\051}{subsection.7.43.2}% 366
\BOOKMARK [3][-]{subsubsection.7.43.2.16}{\376\377\0007\000.\0004\0003\000.\0002\000.\0001\0006\000\040\000g\000e\000t\000Q\000u\000e\000s\000t\000s\000D\000o\000n\000e\000\050\000\051}{subsection.7.43.2}% 367
\BOOKMARK [3][-]{subsubsection.7.43.2.17}{\376\377\0007\000.\0004\0003\000.\0002\000.\0001\0007\000\040\000p\000o\000s\000t\000R\000e\000a\000c\000t\000i\000o\000n\000\050\000\051}{subsection.7.43.2}% 368
\BOOKMARK [3][-]{subsubsection.7.43.2.18}{\376\377\0007\000.\0004\0003\000.\0002\000.\0001\0008\000\040\000s\000e\000t\000A\000c\000c\000e\000s\000s\000T\000o\000k\000e\000n\000\050\000\051}{subsection.7.43.2}% 369
\BOOKMARK [3][-]{subsubsection.7.43.2.19}{\376\377\0007\000.\0004\0003\000.\0002\000.\0001\0009\000\040\000s\000e\000t\000I\000n\000d\000e\000x\000\050\000\051}{subsection.7.43.2}% 370
\BOOKMARK [3][-]{subsubsection.7.43.2.20}{\376\377\0007\000.\0004\0003\000.\0002\000.\0002\0000\000\040\000u\000p\000d\000a\000t\000e\000C\000h\000a\000r\000a\000c\000t\000e\000r\000\050\000\051}{subsection.7.43.2}% 371
\BOOKMARK [2][-]{subsection.7.43.3}{\376\377\0007\000.\0004\0003\000.\0003\000\040\000M\000e\000m\000b\000e\000r\000\040\000D\000a\000t\000a\000\040\000D\000o\000c\000u\000m\000e\000n\000t\000a\000t\000i\000o\000n}{section.7.43}% 372
\BOOKMARK [3][-]{subsubsection.7.43.3.1}{\376\377\0007\000.\0004\0003\000.\0003\000.\0001\000\040\000a\000c\000c\000e\000s\000s\000\137\000t\000o\000k\000e\000n}{subsection.7.43.3}% 373
\BOOKMARK [3][-]{subsubsection.7.43.3.2}{\376\377\0007\000.\0004\0003\000.\0003\000.\0002\000\040\000i\000n\000d\000e\000x}{subsection.7.43.3}% 374
\BOOKMARK [1][-]{section.7.44}{\376\377\0007\000.\0004\0004\000\040\000A\000r\000e\000a\000.\000M\000o\000d\000e\000l\000s\000.\000W\000o\000W\000S\000p\000o\000t\000i\000f\000y\000A\000r\000e\000a\000\040\000C\000l\000a\000s\000s\000\040\000R\000e\000f\000e\000r\000e\000n\000c\000e}{chapter.7}% 375
\BOOKMARK [2][-]{subsection.7.44.1}{\376\377\0007\000.\0004\0004\000.\0001\000\040\000C\000o\000n\000s\000t\000r\000u\000c\000t\000o\000r\000\040\000\046\000\040\000D\000e\000s\000t\000r\000u\000c\000t\000o\000r\000\040\000D\000o\000c\000u\000m\000e\000n\000t\000a\000t\000i\000o\000n}{section.7.44}% 376
\BOOKMARK [3][-]{subsubsection.7.44.1.1}{\376\377\0007\000.\0004\0004\000.\0001\000.\0001\000\040\000W\000o\000W\000S\000p\000o\000t\000i\000f\000y\000A\000r\000e\000a\000\050\000\051}{subsection.7.44.1}% 377
\BOOKMARK [2][-]{subsection.7.44.2}{\376\377\0007\000.\0004\0004\000.\0002\000\040\000M\000e\000m\000b\000e\000r\000\040\000F\000u\000n\000c\000t\000i\000o\000n\000\040\000D\000o\000c\000u\000m\000e\000n\000t\000a\000t\000i\000o\000n}{section.7.44}% 378
\BOOKMARK [3][-]{subsubsection.7.44.2.1}{\376\377\0007\000.\0004\0004\000.\0002\000.\0001\000\040\000i\000s\000A\000v\000a\000i\000l\000a\000b\000l\000e\000\050\000\051}{subsection.7.44.2}% 379
\BOOKMARK [3][-]{subsubsection.7.44.2.2}{\376\377\0007\000.\0004\0004\000.\0002\000.\0002\000\040\000r\000u\000n\000\050\000\051}{subsection.7.44.2}% 380
\BOOKMARK [2][-]{subsection.7.44.3}{\376\377\0007\000.\0004\0004\000.\0003\000\040\000M\000e\000m\000b\000e\000r\000\040\000D\000a\000t\000a\000\040\000D\000o\000c\000u\000m\000e\000n\000t\000a\000t\000i\000o\000n}{section.7.44}% 381
\BOOKMARK [3][-]{subsubsection.7.44.3.1}{\376\377\0007\000.\0004\0004\000.\0003\000.\0001\000\040\000a\000r\000e\000a}{subsection.7.44.3}% 382
\BOOKMARK [3][-]{subsubsection.7.44.3.2}{\376\377\0007\000.\0004\0004\000.\0003\000.\0002\000\040\000S\000p\000o\000t\000i\000f\000y}{subsection.7.44.3}% 383
\BOOKMARK [3][-]{subsubsection.7.44.3.3}{\376\377\0007\000.\0004\0004\000.\0003\000.\0003\000\040\000W\000o\000W}{subsection.7.44.3}% 384
\BOOKMARK [1][-]{section.7.45}{\376\377\0007\000.\0004\0005\000\040\000A\000r\000e\000a\000.\000C\000o\000n\000t\000r\000o\000l\000l\000e\000r\000s\000.\000W\000o\000W\000S\000p\000o\000t\000i\000f\000y\000A\000r\000e\000a\000C\000o\000n\000t\000r\000o\000l\000l\000e\000r\000\040\000C\000l\000a\000s\000s\000\040\000R\000e\000f\000e\000r\000e\000n\000c\000e}{chapter.7}% 385
\BOOKMARK [2][-]{subsection.7.45.1}{\376\377\0007\000.\0004\0005\000.\0001\000\040\000M\000e\000m\000b\000e\000r\000\040\000F\000u\000n\000c\000t\000i\000o\000n\000\040\000D\000o\000c\000u\000m\000e\000n\000t\000a\000t\000i\000o\000n}{section.7.45}% 386
\BOOKMARK [3][-]{subsubsection.7.45.1.1}{\376\377\0007\000.\0004\0005\000.\0001\000.\0001\000\040\000W\000o\000W\000S\000p\000o\000t\000i\000f\000y\000A\000r\000e\000a\000C\000r\000e\000a\000t\000i\000o\000n\000\050\000\051}{subsection.7.45.1}% 387
\BOOKMARK [3][-]{subsubsection.7.45.1.2}{\376\377\0007\000.\0004\0005\000.\0001\000.\0002\000\040\000W\000o\000W\000S\000p\000o\000t\000i\000f\000y\000A\000r\000e\000a\000D\000e\000l\000e\000t\000i\000o\000n\000\050\000\051}{subsection.7.45.1}% 388
\BOOKMARK [1][-]{section.7.46}{\376\377\0007\000.\0004\0006\000\040\000A\000r\000e\000a\000.\000M\000o\000d\000e\000l\000s\000.\000W\000o\000W\000T\000w\000i\000t\000t\000e\000r\000A\000r\000e\000a\000\040\000C\000l\000a\000s\000s\000\040\000R\000e\000f\000e\000r\000e\000n\000c\000e}{chapter.7}% 389
\BOOKMARK [2][-]{subsection.7.46.1}{\376\377\0007\000.\0004\0006\000.\0001\000\040\000C\000o\000n\000s\000t\000r\000u\000c\000t\000o\000r\000\040\000\046\000\040\000D\000e\000s\000t\000r\000u\000c\000t\000o\000r\000\040\000D\000o\000c\000u\000m\000e\000n\000t\000a\000t\000i\000o\000n}{section.7.46}% 390
\BOOKMARK [3][-]{subsubsection.7.46.1.1}{\376\377\0007\000.\0004\0006\000.\0001\000.\0001\000\040\000W\000o\000W\000T\000w\000i\000t\000t\000e\000r\000A\000r\000e\000a\000\050\000\051}{subsection.7.46.1}% 391
\BOOKMARK [2][-]{subsection.7.46.2}{\376\377\0007\000.\0004\0006\000.\0002\000\040\000M\000e\000m\000b\000e\000r\000\040\000F\000u\000n\000c\000t\000i\000o\000n\000\040\000D\000o\000c\000u\000m\000e\000n\000t\000a\000t\000i\000o\000n}{section.7.46}% 392
\BOOKMARK [3][-]{subsubsection.7.46.2.1}{\376\377\0007\000.\0004\0006\000.\0002\000.\0001\000\040\000i\000s\000A\000v\000a\000i\000l\000a\000b\000l\000e\000\050\000\051}{subsection.7.46.2}% 393
\BOOKMARK [3][-]{subsubsection.7.46.2.2}{\376\377\0007\000.\0004\0006\000.\0002\000.\0002\000\040\000r\000u\000n\000\050\000\051}{subsection.7.46.2}% 394
\BOOKMARK [2][-]{subsection.7.46.3}{\376\377\0007\000.\0004\0006\000.\0003\000\040\000M\000e\000m\000b\000e\000r\000\040\000D\000a\000t\000a\000\040\000D\000o\000c\000u\000m\000e\000n\000t\000a\000t\000i\000o\000n}{section.7.46}% 395
\BOOKMARK [3][-]{subsubsection.7.46.3.1}{\376\377\0007\000.\0004\0006\000.\0003\000.\0001\000\040\000a\000r\000e\000a}{subsection.7.46.3}% 396
\BOOKMARK [3][-]{subsubsection.7.46.3.2}{\376\377\0007\000.\0004\0006\000.\0003\000.\0002\000\040\000T\000w\000i\000t\000t\000e\000r}{subsection.7.46.3}% 397
\BOOKMARK [3][-]{subsubsection.7.46.3.3}{\376\377\0007\000.\0004\0006\000.\0003\000.\0003\000\040\000W\000o\000W}{subsection.7.46.3}% 398
\BOOKMARK [1][-]{section.7.47}{\376\377\0007\000.\0004\0007\000\040\000A\000r\000e\000a\000.\000C\000o\000n\000t\000r\000o\000l\000l\000e\000r\000s\000.\000W\000o\000W\000T\000w\000i\000t\000t\000e\000r\000A\000r\000e\000a\000C\000o\000n\000t\000r\000o\000l\000l\000e\000r\000\040\000C\000l\000a\000s\000s\000\040\000R\000e\000f\000e\000r\000e\000n\000c\000e}{chapter.7}% 399
\BOOKMARK [2][-]{subsection.7.47.1}{\376\377\0007\000.\0004\0007\000.\0001\000\040\000M\000e\000m\000b\000e\000r\000\040\000F\000u\000n\000c\000t\000i\000o\000n\000\040\000D\000o\000c\000u\000m\000e\000n\000t\000a\000t\000i\000o\000n}{section.7.47}% 400
\BOOKMARK [3][-]{subsubsection.7.47.1.1}{\376\377\0007\000.\0004\0007\000.\0001\000.\0001\000\040\000W\000o\000W\000T\000w\000i\000t\000t\000e\000r\000A\000r\000e\000a\000C\000r\000e\000a\000t\000i\000o\000n\000\050\000\051}{subsection.7.47.1}% 401
\BOOKMARK [3][-]{subsubsection.7.47.1.2}{\376\377\0007\000.\0004\0007\000.\0001\000.\0002\000\040\000W\000o\000W\000T\000w\000i\000t\000t\000e\000r\000A\000r\000e\000a\000D\000e\000l\000e\000t\000i\000o\000n\000\050\000\051}{subsection.7.47.1}% 402
\BOOKMARK [0][-]{chapter.8}{\376\377\0008\000\040\000F\000i\000l\000e\000\040\000D\000o\000c\000u\000m\000e\000n\000t\000a\000t\000i\000o\000n}{}% 403
\BOOKMARK [1][-]{section.8.1}{\376\377\0008\000.\0001\000\040\000C\000o\000n\000t\000r\000o\000l\000l\000e\000r\000s\000/\000C\000o\000n\000n\000e\000c\000t\000i\000o\000n\000C\000o\000n\000t\000r\000o\000l\000l\000e\000r\000.\000c\000s\000\040\000F\000i\000l\000e\000\040\000R\000e\000f\000e\000r\000e\000n\000c\000e}{chapter.8}% 404
\BOOKMARK [1][-]{section.8.2}{\376\377\0008\000.\0002\000\040\000C\000o\000n\000t\000r\000o\000l\000l\000e\000r\000s\000/\000F\000a\000c\000e\000b\000o\000o\000k\000C\000o\000n\000t\000r\000o\000l\000l\000e\000r\000.\000c\000s\000\040\000F\000i\000l\000e\000\040\000R\000e\000f\000e\000r\000e\000n\000c\000e}{chapter.8}% 405
\BOOKMARK [1][-]{section.8.3}{\376\377\0008\000.\0003\000\040\000C\000o\000n\000t\000r\000o\000l\000l\000e\000r\000s\000/\000F\000a\000c\000e\000b\000o\000o\000k\000S\000p\000o\000t\000i\000f\000y\000A\000r\000e\000a\000C\000o\000n\000t\000r\000o\000l\000l\000e\000r\000.\000c\000s\000\040\000F\000i\000l\000e\000\040\000R\000e\000f\000e\000r\000e\000n\000c\000e}{chapter.8}% 406
\BOOKMARK [1][-]{section.8.4}{\376\377\0008\000.\0004\000\040\000C\000o\000n\000t\000r\000o\000l\000l\000e\000r\000s\000/\000F\000a\000c\000e\000b\000o\000o\000k\000T\000w\000i\000t\000t\000e\000r\000A\000r\000e\000a\000C\000o\000n\000t\000r\000o\000l\000l\000e\000r\000.\000c\000s\000\040\000F\000i\000l\000e\000\040\000R\000e\000f\000e\000r\000e\000n\000c\000e}{chapter.8}% 407
\BOOKMARK [1][-]{section.8.5}{\376\377\0008\000.\0005\000\040\000C\000o\000n\000t\000r\000o\000l\000l\000e\000r\000s\000/\000G\000i\000t\000h\000u\000b\000C\000o\000n\000t\000r\000o\000l\000l\000e\000r\000.\000c\000s\000\040\000F\000i\000l\000e\000\040\000R\000e\000f\000e\000r\000e\000n\000c\000e}{chapter.8}% 408
\BOOKMARK [1][-]{section.8.6}{\376\377\0008\000.\0006\000\040\000C\000o\000n\000t\000r\000o\000l\000l\000e\000r\000s\000/\000G\000i\000t\000h\000u\000b\000F\000a\000c\000e\000b\000o\000o\000k\000A\000r\000e\000a\000C\000o\000n\000t\000r\000o\000l\000l\000e\000r\000.\000c\000s\000\040\000F\000i\000l\000e\000\040\000R\000e\000f\000e\000r\000e\000n\000c\000e}{chapter.8}% 409
\BOOKMARK [1][-]{section.8.7}{\376\377\0008\000.\0007\000\040\000C\000o\000n\000t\000r\000o\000l\000l\000e\000r\000s\000/\000H\000o\000m\000e\000C\000o\000n\000t\000r\000o\000l\000l\000e\000r\000.\000c\000s\000\040\000F\000i\000l\000e\000\040\000R\000e\000f\000e\000r\000e\000n\000c\000e}{chapter.8}% 410
\BOOKMARK [1][-]{section.8.8}{\376\377\0008\000.\0008\000\040\000C\000o\000n\000t\000r\000o\000l\000l\000e\000r\000s\000/\000M\000a\000n\000a\000g\000e\000A\000r\000e\000a\000C\000o\000n\000t\000r\000o\000l\000l\000e\000r\000.\000c\000s\000\040\000F\000i\000l\000e\000\040\000R\000e\000f\000e\000r\000e\000n\000c\000e}{chapter.8}% 411
\BOOKMARK [1][-]{section.8.9}{\376\377\0008\000.\0009\000\040\000C\000o\000n\000t\000r\000o\000l\000l\000e\000r\000s\000/\000S\000p\000o\000t\000i\000f\000y\000C\000o\000n\000t\000r\000o\000l\000l\000e\000r\000.\000c\000s\000\040\000F\000i\000l\000e\000\040\000R\000e\000f\000e\000r\000e\000n\000c\000e}{chapter.8}% 412
\BOOKMARK [1][-]{section.8.10}{\376\377\0008\000.\0001\0000\000\040\000C\000o\000n\000t\000r\000o\000l\000l\000e\000r\000s\000/\000S\000p\000o\000t\000i\000f\000y\000T\000w\000i\000t\000t\000e\000r\000A\000r\000e\000a\000C\000o\000n\000t\000r\000o\000l\000l\000e\000r\000.\000c\000s\000\040\000F\000i\000l\000e\000\040\000R\000e\000f\000e\000r\000e\000n\000c\000e}{chapter.8}% 413
\BOOKMARK [1][-]{section.8.11}{\376\377\0008\000.\0001\0001\000\040\000C\000o\000n\000t\000r\000o\000l\000l\000e\000r\000s\000/\000T\000w\000i\000t\000t\000e\000r\000C\000o\000n\000t\000r\000o\000l\000l\000e\000r\000.\000c\000s\000\040\000F\000i\000l\000e\000\040\000R\000e\000f\000e\000r\000e\000n\000c\000e}{chapter.8}% 414
\BOOKMARK [1][-]{section.8.12}{\376\377\0008\000.\0001\0002\000\040\000C\000o\000n\000t\000r\000o\000l\000l\000e\000r\000s\000/\000T\000w\000i\000t\000t\000e\000r\000S\000p\000o\000t\000i\000f\000y\000A\000r\000e\000a\000C\000o\000n\000t\000r\000o\000l\000l\000e\000r\000.\000c\000s\000\040\000F\000i\000l\000e\000\040\000R\000e\000f\000e\000r\000e\000n\000c\000e}{chapter.8}% 415
\BOOKMARK [1][-]{section.8.13}{\376\377\0008\000.\0001\0003\000\040\000C\000o\000n\000t\000r\000o\000l\000l\000e\000r\000s\000/\000W\000o\000W\000C\000o\000n\000t\000r\000o\000l\000l\000e\000r\000.\000c\000s\000\040\000F\000i\000l\000e\000\040\000R\000e\000f\000e\000r\000e\000n\000c\000e}{chapter.8}% 416
\BOOKMARK [1][-]{section.8.14}{\376\377\0008\000.\0001\0004\000\040\000C\000o\000n\000t\000r\000o\000l\000l\000e\000r\000s\000/\000W\000o\000W\000S\000p\000o\000t\000i\000f\000y\000A\000r\000e\000a\000C\000o\000n\000t\000r\000o\000l\000l\000e\000r\000.\000c\000s\000\040\000F\000i\000l\000e\000\040\000R\000e\000f\000e\000r\000e\000n\000c\000e}{chapter.8}% 417
\BOOKMARK [1][-]{section.8.15}{\376\377\0008\000.\0001\0005\000\040\000C\000o\000n\000t\000r\000o\000l\000l\000e\000r\000s\000/\000W\000o\000W\000T\000w\000i\000t\000t\000e\000r\000A\000r\000e\000a\000C\000o\000n\000t\000r\000o\000l\000l\000e\000r\000.\000c\000s\000\040\000F\000i\000l\000e\000\040\000R\000e\000f\000e\000r\000e\000n\000c\000e}{chapter.8}% 418
\BOOKMARK [1][-]{section.8.16}{\376\377\0008\000.\0001\0006\000\040\000D\000A\000T\000/\000A\000r\000e\000a\000D\000b\000C\000o\000n\000t\000e\000x\000t\000.\000c\000s\000\040\000F\000i\000l\000e\000\040\000R\000e\000f\000e\000r\000e\000n\000c\000e}{chapter.8}% 419
\BOOKMARK [1][-]{section.8.17}{\376\377\0008\000.\0001\0007\000\040\000M\000o\000d\000e\000l\000s\000/\000A\000r\000e\000a\000s\000/\000A\000r\000e\000a\000.\000c\000s\000\040\000F\000i\000l\000e\000\040\000R\000e\000f\000e\000r\000e\000n\000c\000e}{chapter.8}% 420
\BOOKMARK [1][-]{section.8.18}{\376\377\0008\000.\0001\0008\000\040\000M\000o\000d\000e\000l\000s\000/\000A\000r\000e\000a\000s\000/\000A\000r\000e\000a\000F\000a\000c\000t\000o\000r\000y\000.\000c\000s\000\040\000F\000i\000l\000e\000\040\000R\000e\000f\000e\000r\000e\000n\000c\000e}{chapter.8}% 421
\BOOKMARK [1][-]{section.8.19}{\376\377\0008\000.\0001\0009\000\040\000M\000o\000d\000e\000l\000s\000/\000A\000r\000e\000a\000s\000/\000A\000r\000e\000a\000T\000y\000p\000e\000.\000c\000s\000\040\000F\000i\000l\000e\000\040\000R\000e\000f\000e\000r\000e\000n\000c\000e}{chapter.8}% 422
\BOOKMARK [1][-]{section.8.20}{\376\377\0008\000.\0002\0000\000\040\000M\000o\000d\000e\000l\000s\000/\000A\000r\000e\000a\000s\000/\000F\000a\000c\000e\000b\000o\000o\000k\000S\000p\000o\000t\000i\000f\000y\000A\000r\000e\000a\000.\000c\000s\000\040\000F\000i\000l\000e\000\040\000R\000e\000f\000e\000r\000e\000n\000c\000e}{chapter.8}% 423
\BOOKMARK [1][-]{section.8.21}{\376\377\0008\000.\0002\0001\000\040\000M\000o\000d\000e\000l\000s\000/\000A\000r\000e\000a\000s\000/\000F\000a\000c\000e\000b\000o\000o\000k\000T\000w\000i\000t\000t\000e\000r\000A\000r\000e\000a\000.\000c\000s\000\040\000F\000i\000l\000e\000\040\000R\000e\000f\000e\000r\000e\000n\000c\000e}{chapter.8}% 424
\BOOKMARK [1][-]{section.8.22}{\376\377\0008\000.\0002\0002\000\040\000M\000o\000d\000e\000l\000s\000/\000A\000r\000e\000a\000s\000/\000G\000i\000t\000h\000u\000b\000F\000a\000c\000e\000b\000o\000o\000k\000A\000r\000e\000a\000.\000c\000s\000\040\000F\000i\000l\000e\000\040\000R\000e\000f\000e\000r\000e\000n\000c\000e}{chapter.8}% 425
\BOOKMARK [1][-]{section.8.23}{\376\377\0008\000.\0002\0003\000\040\000M\000o\000d\000e\000l\000s\000/\000A\000r\000e\000a\000s\000/\000I\000A\000r\000e\000a\000.\000c\000s\000\040\000F\000i\000l\000e\000\040\000R\000e\000f\000e\000r\000e\000n\000c\000e}{chapter.8}% 426
\BOOKMARK [1][-]{section.8.24}{\376\377\0008\000.\0002\0004\000\040\000M\000o\000d\000e\000l\000s\000/\000A\000r\000e\000a\000s\000/\000S\000p\000o\000t\000i\000f\000y\000T\000w\000i\000t\000t\000e\000r\000A\000r\000e\000a\000.\000c\000s\000\040\000F\000i\000l\000e\000\040\000R\000e\000f\000e\000r\000e\000n\000c\000e}{chapter.8}% 427
\BOOKMARK [1][-]{section.8.25}{\376\377\0008\000.\0002\0005\000\040\000M\000o\000d\000e\000l\000s\000/\000A\000r\000e\000a\000s\000/\000T\000w\000i\000t\000t\000e\000r\000S\000p\000o\000t\000i\000f\000y\000A\000r\000e\000a\000.\000c\000s\000\040\000F\000i\000l\000e\000\040\000R\000e\000f\000e\000r\000e\000n\000c\000e}{chapter.8}% 428
\BOOKMARK [1][-]{section.8.26}{\376\377\0008\000.\0002\0006\000\040\000M\000o\000d\000e\000l\000s\000/\000A\000r\000e\000a\000s\000/\000W\000o\000W\000S\000p\000o\000t\000i\000f\000y\000A\000r\000e\000a\000.\000c\000s\000\040\000F\000i\000l\000e\000\040\000R\000e\000f\000e\000r\000e\000n\000c\000e}{chapter.8}% 429
\BOOKMARK [1][-]{section.8.27}{\376\377\0008\000.\0002\0007\000\040\000M\000o\000d\000e\000l\000s\000/\000A\000r\000e\000a\000s\000/\000W\000o\000W\000T\000w\000i\000t\000t\000e\000r\000A\000r\000e\000a\000.\000c\000s\000\040\000F\000i\000l\000e\000\040\000R\000e\000f\000e\000r\000e\000n\000c\000e}{chapter.8}% 430
\BOOKMARK [1][-]{section.8.28}{\376\377\0008\000.\0002\0008\000\040\000M\000o\000d\000e\000l\000s\000/\000E\000r\000r\000o\000r\000L\000o\000g\000.\000c\000s\000\040\000F\000i\000l\000e\000\040\000R\000e\000f\000e\000r\000e\000n\000c\000e}{chapter.8}% 431
\BOOKMARK [1][-]{section.8.29}{\376\377\0008\000.\0002\0009\000\040\000M\000o\000d\000e\000l\000s\000/\000E\000r\000r\000o\000r\000V\000i\000e\000w\000M\000o\000d\000e\000l\000.\000c\000s\000\040\000F\000i\000l\000e\000\040\000R\000e\000f\000e\000r\000e\000n\000c\000e}{chapter.8}% 432
\BOOKMARK [1][-]{section.8.30}{\376\377\0008\000.\0003\0000\000\040\000M\000o\000d\000e\000l\000s\000/\000F\000o\000r\000m\000M\000o\000d\000e\000l\000.\000c\000s\000\040\000F\000i\000l\000e\000\040\000R\000e\000f\000e\000r\000e\000n\000c\000e}{chapter.8}% 433
\BOOKMARK [1][-]{section.8.31}{\376\377\0008\000.\0003\0001\000\040\000M\000o\000d\000e\000l\000s\000/\000M\000o\000d\000u\000l\000e\000s\000/\000F\000a\000c\000e\000b\000o\000o\000k\000M\000o\000d\000u\000l\000e\000.\000c\000s\000\040\000F\000i\000l\000e\000\040\000R\000e\000f\000e\000r\000e\000n\000c\000e}{chapter.8}% 434
\BOOKMARK [1][-]{section.8.32}{\376\377\0008\000.\0003\0002\000\040\000M\000o\000d\000e\000l\000s\000/\000M\000o\000d\000u\000l\000e\000s\000/\000G\000i\000t\000h\000u\000b\000M\000o\000d\000u\000l\000e\000M\000o\000d\000e\000l\000.\000c\000s\000\040\000F\000i\000l\000e\000\040\000R\000e\000f\000e\000r\000e\000n\000c\000e}{chapter.8}% 435
\BOOKMARK [1][-]{section.8.33}{\376\377\0008\000.\0003\0003\000\040\000M\000o\000d\000e\000l\000s\000/\000M\000o\000d\000u\000l\000e\000s\000/\000I\000M\000o\000d\000u\000l\000e\000M\000o\000d\000e\000l\000.\000c\000s\000\040\000F\000i\000l\000e\000\040\000R\000e\000f\000e\000r\000e\000n\000c\000e}{chapter.8}% 436
\BOOKMARK [1][-]{section.8.34}{\376\377\0008\000.\0003\0004\000\040\000M\000o\000d\000e\000l\000s\000/\000M\000o\000d\000u\000l\000e\000s\000/\000S\000p\000o\000t\000i\000f\000y\000M\000o\000d\000u\000l\000e\000.\000c\000s\000\040\000F\000i\000l\000e\000\040\000R\000e\000f\000e\000r\000e\000n\000c\000e}{chapter.8}% 437
\BOOKMARK [1][-]{section.8.35}{\376\377\0008\000.\0003\0005\000\040\000M\000o\000d\000e\000l\000s\000/\000M\000o\000d\000u\000l\000e\000s\000/\000T\000w\000i\000t\000t\000e\000r\000M\000o\000d\000u\000l\000e\000.\000c\000s\000\040\000F\000i\000l\000e\000\040\000R\000e\000f\000e\000r\000e\000n\000c\000e}{chapter.8}% 438
\BOOKMARK [1][-]{section.8.36}{\376\377\0008\000.\0003\0006\000\040\000M\000o\000d\000e\000l\000s\000/\000M\000o\000d\000u\000l\000e\000s\000/\000W\000o\000W\000M\000o\000d\000u\000l\000e\000M\000o\000d\000e\000l\000.\000c\000s\000\040\000F\000i\000l\000e\000\040\000R\000e\000f\000e\000r\000e\000n\000c\000e}{chapter.8}% 439
\BOOKMARK [1][-]{section.8.37}{\376\377\0008\000.\0003\0007\000\040\000M\000o\000d\000e\000l\000s\000/\000T\000o\000k\000e\000n\000.\000c\000s\000\040\000F\000i\000l\000e\000\040\000R\000e\000f\000e\000r\000e\000n\000c\000e}{chapter.8}% 440
\BOOKMARK [1][-]{section.8.38}{\376\377\0008\000.\0003\0008\000\040\000M\000o\000d\000e\000l\000s\000/\000U\000s\000e\000r\000.\000c\000s\000\040\000F\000i\000l\000e\000\040\000R\000e\000f\000e\000r\000e\000n\000c\000e}{chapter.8}% 441
\BOOKMARK [1][-]{section.8.39}{\376\377\0008\000.\0003\0009\000\040\000M\000o\000d\000e\000l\000s\000/\000U\000s\000e\000r\000\137\000R\000o\000l\000e\000.\000c\000s\000\040\000F\000i\000l\000e\000\040\000R\000e\000f\000e\000r\000e\000n\000c\000e}{chapter.8}% 442
\BOOKMARK [1][-]{section.8.40}{\376\377\0008\000.\0004\0000\000\040\000M\000o\000d\000e\000l\000s\000/\000W\000o\000W\000C\000h\000a\000r\000a\000c\000t\000e\000r\000L\000i\000s\000t\000.\000c\000s\000\040\000F\000i\000l\000e\000\040\000R\000e\000f\000e\000r\000e\000n\000c\000e}{chapter.8}% 443
\BOOKMARK [1][-]{section.8.41}{\376\377\0008\000.\0004\0001\000\040\000M\000o\000d\000e\000l\000s\000/\000W\000o\000W\000C\000h\000a\000r\000a\000c\000t\000e\000r\000M\000o\000d\000e\000l\000.\000c\000s\000\040\000F\000i\000l\000e\000\040\000R\000e\000f\000e\000r\000e\000n\000c\000e}{chapter.8}% 444
\BOOKMARK [1][-]{section.8.42}{\376\377\0008\000.\0004\0002\000\040\000o\000b\000j\000/\000D\000e\000b\000u\000g\000/\000n\000e\000t\000c\000o\000r\000e\000a\000p\000p\0002\000.\0000\000/\000A\000r\000e\000a\000.\000A\000s\000s\000e\000m\000b\000l\000y\000I\000n\000f\000o\000.\000c\000s\000\040\000F\000i\000l\000e\000\040\000R\000e\000f\000e\000r\000e\000n\000c\000e}{chapter.8}% 445
\BOOKMARK [1][-]{section.8.43}{\376\377\0008\000.\0004\0003\000\040\000P\000r\000o\000g\000r\000a\000m\000.\000c\000s\000\040\000F\000i\000l\000e\000\040\000R\000e\000f\000e\000r\000e\000n\000c\000e}{chapter.8}% 446
\BOOKMARK [1][-]{section.8.44}{\376\377\0008\000.\0004\0004\000\040\000S\000t\000a\000r\000t\000u\000p\000.\000c\000s\000\040\000F\000i\000l\000e\000\040\000R\000e\000f\000e\000r\000e\000n\000c\000e}{chapter.8}% 447
\BOOKMARK [1][-]{section.8.45}{\376\377\0008\000.\0004\0005\000\040\000w\000w\000w\000r\000o\000o\000t\000/\000l\000i\000b\000/\000j\000q\000u\000e\000r\000y\000-\000v\000a\000l\000i\000d\000a\000t\000i\000o\000n\000/\000L\000I\000C\000E\000N\000S\000E\000.\000m\000d\000\040\000F\000i\000l\000e\000\040\000R\000e\000f\000e\000r\000e\000n\000c\000e}{chapter.8}% 448
